ARM GAS  C:\Users\86183\AppData\Local\Temp\ccrFy3es.s 			page 1


   1              		.cpu cortex-m3
   2              		.eabi_attribute 20, 1
   3              		.eabi_attribute 21, 1
   4              		.eabi_attribute 23, 3
   5              		.eabi_attribute 24, 1
   6              		.eabi_attribute 25, 1
   7              		.eabi_attribute 26, 1
   8              		.eabi_attribute 30, 1
   9              		.eabi_attribute 34, 1
  10              		.eabi_attribute 18, 4
  11              		.file	"gpio.c"
  12              		.text
  13              	.Ltext0:
  14              		.cfi_sections	.debug_frame
  15              		.section	.text.MX_GPIO_Init,"ax",%progbits
  16              		.align	1
  17              		.global	MX_GPIO_Init
  18              		.arch armv7-m
  19              		.syntax unified
  20              		.thumb
  21              		.thumb_func
  22              		.fpu softvfp
  24              	MX_GPIO_Init:
  25              	.LFB65:
  26              		.file 1 "Core/Src/gpio.c"
   1:Core/Src/gpio.c **** /**
   2:Core/Src/gpio.c ****   ******************************************************************************
   3:Core/Src/gpio.c ****   * @file    gpio.c
   4:Core/Src/gpio.c ****   * @brief   This file provides code for the configuration
   5:Core/Src/gpio.c ****   *          of all used GPIO pins.
   6:Core/Src/gpio.c ****   ******************************************************************************
   7:Core/Src/gpio.c ****   * @attention
   8:Core/Src/gpio.c ****   *
   9:Core/Src/gpio.c ****   * <h2><center>&copy; Copyright (c) 2021 STMicroelectronics.
  10:Core/Src/gpio.c ****   * All rights reserved.</center></h2>
  11:Core/Src/gpio.c ****   *
  12:Core/Src/gpio.c ****   * This software component is licensed by ST under BSD 3-Clause license,
  13:Core/Src/gpio.c ****   * the "License"; You may not use this file except in compliance with the
  14:Core/Src/gpio.c ****   * License. You may obtain a copy of the License at:
  15:Core/Src/gpio.c ****   *                        opensource.org/licenses/BSD-3-Clause
  16:Core/Src/gpio.c ****   *
  17:Core/Src/gpio.c ****   ******************************************************************************
  18:Core/Src/gpio.c ****   */
  19:Core/Src/gpio.c **** 
  20:Core/Src/gpio.c **** /* Includes ------------------------------------------------------------------*/
  21:Core/Src/gpio.c **** #include "gpio.h"
  22:Core/Src/gpio.c **** 
  23:Core/Src/gpio.c **** /* USER CODE BEGIN 0 */
  24:Core/Src/gpio.c **** 
  25:Core/Src/gpio.c **** /* USER CODE END 0 */
  26:Core/Src/gpio.c **** 
  27:Core/Src/gpio.c **** /*----------------------------------------------------------------------------*/
  28:Core/Src/gpio.c **** /* Configure GPIO                                                             */
  29:Core/Src/gpio.c **** /*----------------------------------------------------------------------------*/
  30:Core/Src/gpio.c **** /* USER CODE BEGIN 1 */
  31:Core/Src/gpio.c **** 
  32:Core/Src/gpio.c **** /* USER CODE END 1 */
ARM GAS  C:\Users\86183\AppData\Local\Temp\ccrFy3es.s 			page 2


  33:Core/Src/gpio.c **** 
  34:Core/Src/gpio.c **** /** Configure pins as
  35:Core/Src/gpio.c ****         * Analog
  36:Core/Src/gpio.c ****         * Input
  37:Core/Src/gpio.c ****         * Output
  38:Core/Src/gpio.c ****         * EVENT_OUT
  39:Core/Src/gpio.c ****         * EXTI
  40:Core/Src/gpio.c **** */
  41:Core/Src/gpio.c **** void MX_GPIO_Init(void)
  42:Core/Src/gpio.c **** {
  27              		.loc 1 42 1 view -0
  28              		.cfi_startproc
  29              		@ args = 0, pretend = 0, frame = 32
  30              		@ frame_needed = 0, uses_anonymous_args = 0
  31 0000 2DE9F043 		push	{r4, r5, r6, r7, r8, r9, lr}
  32              	.LCFI0:
  33              		.cfi_def_cfa_offset 28
  34              		.cfi_offset 4, -28
  35              		.cfi_offset 5, -24
  36              		.cfi_offset 6, -20
  37              		.cfi_offset 7, -16
  38              		.cfi_offset 8, -12
  39              		.cfi_offset 9, -8
  40              		.cfi_offset 14, -4
  41 0004 89B0     		sub	sp, sp, #36
  42              	.LCFI1:
  43              		.cfi_def_cfa_offset 64
  43:Core/Src/gpio.c **** 
  44:Core/Src/gpio.c ****   GPIO_InitTypeDef GPIO_InitStruct = {0};
  44              		.loc 1 44 3 view .LVU1
  45              		.loc 1 44 20 is_stmt 0 view .LVU2
  46 0006 0024     		movs	r4, #0
  47 0008 0494     		str	r4, [sp, #16]
  48 000a 0594     		str	r4, [sp, #20]
  49 000c 0694     		str	r4, [sp, #24]
  50 000e 0794     		str	r4, [sp, #28]
  45:Core/Src/gpio.c **** 
  46:Core/Src/gpio.c ****   /* GPIO Ports Clock Enable */
  47:Core/Src/gpio.c ****   __HAL_RCC_GPIOD_CLK_ENABLE();
  51              		.loc 1 47 3 is_stmt 1 view .LVU3
  52              	.LBB2:
  53              		.loc 1 47 3 view .LVU4
  54              		.loc 1 47 3 view .LVU5
  55 0010 2D4B     		ldr	r3, .L3
  56 0012 9A69     		ldr	r2, [r3, #24]
  57 0014 42F02002 		orr	r2, r2, #32
  58 0018 9A61     		str	r2, [r3, #24]
  59              		.loc 1 47 3 view .LVU6
  60 001a 9A69     		ldr	r2, [r3, #24]
  61 001c 02F02002 		and	r2, r2, #32
  62 0020 0092     		str	r2, [sp]
  63              		.loc 1 47 3 view .LVU7
  64 0022 009A     		ldr	r2, [sp]
  65              	.LBE2:
  66              		.loc 1 47 3 view .LVU8
  48:Core/Src/gpio.c ****   __HAL_RCC_GPIOA_CLK_ENABLE();
  67              		.loc 1 48 3 view .LVU9
ARM GAS  C:\Users\86183\AppData\Local\Temp\ccrFy3es.s 			page 3


  68              	.LBB3:
  69              		.loc 1 48 3 view .LVU10
  70              		.loc 1 48 3 view .LVU11
  71 0024 9A69     		ldr	r2, [r3, #24]
  72 0026 42F00402 		orr	r2, r2, #4
  73 002a 9A61     		str	r2, [r3, #24]
  74              		.loc 1 48 3 view .LVU12
  75 002c 9A69     		ldr	r2, [r3, #24]
  76 002e 02F00402 		and	r2, r2, #4
  77 0032 0192     		str	r2, [sp, #4]
  78              		.loc 1 48 3 view .LVU13
  79 0034 019A     		ldr	r2, [sp, #4]
  80              	.LBE3:
  81              		.loc 1 48 3 view .LVU14
  49:Core/Src/gpio.c ****   __HAL_RCC_GPIOB_CLK_ENABLE();
  82              		.loc 1 49 3 view .LVU15
  83              	.LBB4:
  84              		.loc 1 49 3 view .LVU16
  85              		.loc 1 49 3 view .LVU17
  86 0036 9A69     		ldr	r2, [r3, #24]
  87 0038 42F00802 		orr	r2, r2, #8
  88 003c 9A61     		str	r2, [r3, #24]
  89              		.loc 1 49 3 view .LVU18
  90 003e 9A69     		ldr	r2, [r3, #24]
  91 0040 02F00802 		and	r2, r2, #8
  92 0044 0292     		str	r2, [sp, #8]
  93              		.loc 1 49 3 view .LVU19
  94 0046 029A     		ldr	r2, [sp, #8]
  95              	.LBE4:
  96              		.loc 1 49 3 view .LVU20
  50:Core/Src/gpio.c ****   __HAL_RCC_GPIOC_CLK_ENABLE();
  97              		.loc 1 50 3 view .LVU21
  98              	.LBB5:
  99              		.loc 1 50 3 view .LVU22
 100              		.loc 1 50 3 view .LVU23
 101 0048 9A69     		ldr	r2, [r3, #24]
 102 004a 42F01002 		orr	r2, r2, #16
 103 004e 9A61     		str	r2, [r3, #24]
 104              		.loc 1 50 3 view .LVU24
 105 0050 9B69     		ldr	r3, [r3, #24]
 106 0052 03F01003 		and	r3, r3, #16
 107 0056 0393     		str	r3, [sp, #12]
 108              		.loc 1 50 3 view .LVU25
 109 0058 039B     		ldr	r3, [sp, #12]
 110              	.LBE5:
 111              		.loc 1 50 3 view .LVU26
  51:Core/Src/gpio.c **** 
  52:Core/Src/gpio.c ****   /*Configure GPIO pin Output Level */
  53:Core/Src/gpio.c ****   HAL_GPIO_WritePin(GPIOB, IN2A_Pin|IN2B_Pin, GPIO_PIN_RESET);
 112              		.loc 1 53 3 view .LVU27
 113 005a DFF87090 		ldr	r9, .L3+4
 114 005e 2246     		mov	r2, r4
 115 0060 0321     		movs	r1, #3
 116 0062 4846     		mov	r0, r9
 117 0064 FFF7FEFF 		bl	HAL_GPIO_WritePin
 118              	.LVL0:
  54:Core/Src/gpio.c **** 
ARM GAS  C:\Users\86183\AppData\Local\Temp\ccrFy3es.s 			page 4


  55:Core/Src/gpio.c ****   /*Configure GPIO pin Output Level */
  56:Core/Src/gpio.c ****   HAL_GPIO_WritePin(GPIOC, IN1B_Pin|IN1A_Pin, GPIO_PIN_RESET);
 119              		.loc 1 56 3 view .LVU28
 120 0068 DFF86480 		ldr	r8, .L3+8
 121 006c 2246     		mov	r2, r4
 122 006e 4FF4C051 		mov	r1, #6144
 123 0072 4046     		mov	r0, r8
 124 0074 FFF7FEFF 		bl	HAL_GPIO_WritePin
 125              	.LVL1:
  57:Core/Src/gpio.c **** 
  58:Core/Src/gpio.c ****   /*Configure GPIO pin Output Level */
  59:Core/Src/gpio.c ****   HAL_GPIO_WritePin(LED_GPIO_Port, LED_Pin, GPIO_PIN_RESET);
 126              		.loc 1 59 3 view .LVU29
 127 0078 164F     		ldr	r7, .L3+12
 128 007a 2246     		mov	r2, r4
 129 007c 0421     		movs	r1, #4
 130 007e 3846     		mov	r0, r7
 131 0080 FFF7FEFF 		bl	HAL_GPIO_WritePin
 132              	.LVL2:
  60:Core/Src/gpio.c **** 
  61:Core/Src/gpio.c ****   /*Configure GPIO pins : PBPin PBPin */
  62:Core/Src/gpio.c ****   GPIO_InitStruct.Pin = IN2A_Pin|IN2B_Pin;
 133              		.loc 1 62 3 view .LVU30
 134              		.loc 1 62 23 is_stmt 0 view .LVU31
 135 0084 0323     		movs	r3, #3
 136 0086 0493     		str	r3, [sp, #16]
  63:Core/Src/gpio.c ****   GPIO_InitStruct.Mode = GPIO_MODE_OUTPUT_PP;
 137              		.loc 1 63 3 is_stmt 1 view .LVU32
 138              		.loc 1 63 24 is_stmt 0 view .LVU33
 139 0088 0126     		movs	r6, #1
 140 008a 0596     		str	r6, [sp, #20]
  64:Core/Src/gpio.c ****   GPIO_InitStruct.Pull = GPIO_NOPULL;
 141              		.loc 1 64 3 is_stmt 1 view .LVU34
 142              		.loc 1 64 24 is_stmt 0 view .LVU35
 143 008c 0694     		str	r4, [sp, #24]
  65:Core/Src/gpio.c ****   GPIO_InitStruct.Speed = GPIO_SPEED_FREQ_LOW;
 144              		.loc 1 65 3 is_stmt 1 view .LVU36
 145              		.loc 1 65 25 is_stmt 0 view .LVU37
 146 008e 0225     		movs	r5, #2
 147 0090 0795     		str	r5, [sp, #28]
  66:Core/Src/gpio.c ****   HAL_GPIO_Init(GPIOB, &GPIO_InitStruct);
 148              		.loc 1 66 3 is_stmt 1 view .LVU38
 149 0092 04A9     		add	r1, sp, #16
 150 0094 4846     		mov	r0, r9
 151 0096 FFF7FEFF 		bl	HAL_GPIO_Init
 152              	.LVL3:
  67:Core/Src/gpio.c **** 
  68:Core/Src/gpio.c ****   /*Configure GPIO pins : PCPin PCPin */
  69:Core/Src/gpio.c ****   GPIO_InitStruct.Pin = IN1B_Pin|IN1A_Pin;
 153              		.loc 1 69 3 view .LVU39
 154              		.loc 1 69 23 is_stmt 0 view .LVU40
 155 009a 4FF4C053 		mov	r3, #6144
 156 009e 0493     		str	r3, [sp, #16]
  70:Core/Src/gpio.c ****   GPIO_InitStruct.Mode = GPIO_MODE_OUTPUT_PP;
 157              		.loc 1 70 3 is_stmt 1 view .LVU41
 158              		.loc 1 70 24 is_stmt 0 view .LVU42
 159 00a0 0596     		str	r6, [sp, #20]
ARM GAS  C:\Users\86183\AppData\Local\Temp\ccrFy3es.s 			page 5


  71:Core/Src/gpio.c ****   GPIO_InitStruct.Pull = GPIO_NOPULL;
 160              		.loc 1 71 3 is_stmt 1 view .LVU43
 161              		.loc 1 71 24 is_stmt 0 view .LVU44
 162 00a2 0694     		str	r4, [sp, #24]
  72:Core/Src/gpio.c ****   GPIO_InitStruct.Speed = GPIO_SPEED_FREQ_LOW;
 163              		.loc 1 72 3 is_stmt 1 view .LVU45
 164              		.loc 1 72 25 is_stmt 0 view .LVU46
 165 00a4 0795     		str	r5, [sp, #28]
  73:Core/Src/gpio.c ****   HAL_GPIO_Init(GPIOC, &GPIO_InitStruct);
 166              		.loc 1 73 3 is_stmt 1 view .LVU47
 167 00a6 04A9     		add	r1, sp, #16
 168 00a8 4046     		mov	r0, r8
 169 00aa FFF7FEFF 		bl	HAL_GPIO_Init
 170              	.LVL4:
  74:Core/Src/gpio.c **** 
  75:Core/Src/gpio.c ****   /*Configure GPIO pin : PtPin */
  76:Core/Src/gpio.c ****   GPIO_InitStruct.Pin = LED_Pin;
 171              		.loc 1 76 3 view .LVU48
 172              		.loc 1 76 23 is_stmt 0 view .LVU49
 173 00ae 0423     		movs	r3, #4
 174 00b0 0493     		str	r3, [sp, #16]
  77:Core/Src/gpio.c ****   GPIO_InitStruct.Mode = GPIO_MODE_OUTPUT_PP;
 175              		.loc 1 77 3 is_stmt 1 view .LVU50
 176              		.loc 1 77 24 is_stmt 0 view .LVU51
 177 00b2 0596     		str	r6, [sp, #20]
  78:Core/Src/gpio.c ****   GPIO_InitStruct.Pull = GPIO_NOPULL;
 178              		.loc 1 78 3 is_stmt 1 view .LVU52
 179              		.loc 1 78 24 is_stmt 0 view .LVU53
 180 00b4 0694     		str	r4, [sp, #24]
  79:Core/Src/gpio.c ****   GPIO_InitStruct.Speed = GPIO_SPEED_FREQ_LOW;
 181              		.loc 1 79 3 is_stmt 1 view .LVU54
 182              		.loc 1 79 25 is_stmt 0 view .LVU55
 183 00b6 0795     		str	r5, [sp, #28]
  80:Core/Src/gpio.c ****   HAL_GPIO_Init(LED_GPIO_Port, &GPIO_InitStruct);
 184              		.loc 1 80 3 is_stmt 1 view .LVU56
 185 00b8 04A9     		add	r1, sp, #16
 186 00ba 3846     		mov	r0, r7
 187 00bc FFF7FEFF 		bl	HAL_GPIO_Init
 188              	.LVL5:
  81:Core/Src/gpio.c **** 
  82:Core/Src/gpio.c **** }
 189              		.loc 1 82 1 is_stmt 0 view .LVU57
 190 00c0 09B0     		add	sp, sp, #36
 191              	.LCFI2:
 192              		.cfi_def_cfa_offset 28
 193              		@ sp needed
 194 00c2 BDE8F083 		pop	{r4, r5, r6, r7, r8, r9, pc}
 195              	.L4:
 196 00c6 00BF     		.align	2
 197              	.L3:
 198 00c8 00100240 		.word	1073876992
 199 00cc 000C0140 		.word	1073810432
 200 00d0 00100140 		.word	1073811456
 201 00d4 00140140 		.word	1073812480
 202              		.cfi_endproc
 203              	.LFE65:
 205              		.text
ARM GAS  C:\Users\86183\AppData\Local\Temp\ccrFy3es.s 			page 6


 206              	.Letext0:
 207              		.file 2 "d:\\gnu arm embedded toolchain10\\10 2021.07\\arm-none-eabi\\include\\machine\\_default_t
 208              		.file 3 "d:\\gnu arm embedded toolchain10\\10 2021.07\\arm-none-eabi\\include\\sys\\_stdint.h"
 209              		.file 4 "Drivers/CMSIS/Device/ST/STM32F1xx/Include/stm32f103xe.h"
 210              		.file 5 "Drivers/STM32F1xx_HAL_Driver/Inc/stm32f1xx_hal_gpio.h"
ARM GAS  C:\Users\86183\AppData\Local\Temp\ccrFy3es.s 			page 7


DEFINED SYMBOLS
                            *ABS*:00000000 gpio.c
C:\Users\86183\AppData\Local\Temp\ccrFy3es.s:16     .text.MX_GPIO_Init:00000000 $t
C:\Users\86183\AppData\Local\Temp\ccrFy3es.s:24     .text.MX_GPIO_Init:00000000 MX_GPIO_Init
C:\Users\86183\AppData\Local\Temp\ccrFy3es.s:198    .text.MX_GPIO_Init:000000c8 $d

UNDEFINED SYMBOLS
HAL_GPIO_WritePin
HAL_GPIO_Init
