ARM GAS  C:\Users\86183\AppData\Local\Temp\ccEQqEyf.s 			page 1


   1              		.cpu cortex-m3
   2              		.eabi_attribute 20, 1
   3              		.eabi_attribute 21, 1
   4              		.eabi_attribute 23, 3
   5              		.eabi_attribute 24, 1
   6              		.eabi_attribute 25, 1
   7              		.eabi_attribute 26, 1
   8              		.eabi_attribute 30, 1
   9              		.eabi_attribute 34, 1
  10              		.eabi_attribute 18, 4
  11              		.file	"jy62.c"
  12              		.text
  13              	.Ltext0:
  14              		.cfi_sections	.debug_frame
  15              		.section	.text.jy62_Init,"ax",%progbits
  16              		.align	1
  17              		.global	jy62_Init
  18              		.arch armv7-m
  19              		.syntax unified
  20              		.thumb
  21              		.thumb_func
  22              		.fpu softvfp
  24              	jy62_Init:
  25              	.LVL0:
  26              	.LFB65:
  27              		.file 1 "Core/Src/jy62.c"
   1:Core/Src/jy62.c **** #include "jy62.h"
   2:Core/Src/jy62.c **** 
   3:Core/Src/jy62.c **** uint8_t jy62Receive[JY62_MESSAGE_LENGTH]; //ÂÆûÊó∂ËÆ∞ÂΩïÊî∂Âà∞ÁöÑ‰ø°ÊÅØ
   4:Core/Src/jy62.c **** uint8_t jy62Message[JY62_MESSAGE_LENGTH]; //Á°ÆËÆ§Êó†ËØØÂêéÁî®‰∫éËß£Á†ÅÁöÑ‰ø°ÊÅØ
   5:Core/Src/jy62.c **** uint8_t PrevLen, SuccLen;
   6:Core/Src/jy62.c **** uint8_t jy62PrevInfoHolder[11];
   7:Core/Src/jy62.c **** uint8_t initAngle[3] = {0xFF, 0xAA, 0x52};
   8:Core/Src/jy62.c **** uint8_t calibrateAcce[3] = {0xFF, 0xAA, 0x67};
   9:Core/Src/jy62.c **** uint8_t setBaud115200[3] = {0xFF, 0xAA, 0x63};
  10:Core/Src/jy62.c **** uint8_t setBaud9600[3] = {0xFF, 0xAA, 0x64};
  11:Core/Src/jy62.c **** uint8_t setHorizontal[3] = {0xFF, 0xAA, 0x65};
  12:Core/Src/jy62.c **** uint8_t setVertical[3] = {0xFF, 0xAA, 0x66};
  13:Core/Src/jy62.c **** uint8_t sleepAndAwake[3] = {0xFF, 0xAA, 0x60};
  14:Core/Src/jy62.c **** uint8_t setReadVelo[5] = {0xFF, 0xAA, 0x03, 0x07, 0x00};
  15:Core/Src/jy62.c **** UART_HandleTypeDef *jy62_huart;
  16:Core/Src/jy62.c **** 
  17:Core/Src/jy62.c **** struct Acce Accelerate;	 //ÂÇ®Â≠òÂä†ÈÄüÂ∫¶
  18:Core/Src/jy62.c **** struct Velo Velocity;	 //ÂÇ®Â≠òËßíÈÄüÂ∫¶
  19:Core/Src/jy62.c **** struct Angl Angle;		 //ÂÇ®Â≠òËßíÂ∫¶ÂÄº
  20:Core/Src/jy62.c **** struct Temp Temperature; //ÂÇ®Â≠òÊ∏©Â∫¶ÂÄº
  21:Core/Src/jy62.c **** /***********************Êé•Âè£****************************/
  22:Core/Src/jy62.c **** 
  23:Core/Src/jy62.c **** void jy62_Init(UART_HandleTypeDef *huart)
  24:Core/Src/jy62.c **** {
  28              		.loc 1 24 1 view -0
  29              		.cfi_startproc
  30              		@ args = 0, pretend = 0, frame = 0
  31              		@ frame_needed = 0, uses_anonymous_args = 0
  32              		.loc 1 24 1 is_stmt 0 view .LVU1
  33 0000 08B5     		push	{r3, lr}
  34              	.LCFI0:
ARM GAS  C:\Users\86183\AppData\Local\Temp\ccEQqEyf.s 			page 2


  35              		.cfi_def_cfa_offset 8
  36              		.cfi_offset 3, -8
  37              		.cfi_offset 14, -4
  25:Core/Src/jy62.c **** 	jy62_huart = huart;
  38              		.loc 1 25 2 is_stmt 1 view .LVU2
  39              		.loc 1 25 13 is_stmt 0 view .LVU3
  40 0002 034B     		ldr	r3, .L3
  41 0004 1860     		str	r0, [r3]
  26:Core/Src/jy62.c **** 	HAL_UART_Receive_DMA(jy62_huart, jy62Receive, JY62_MESSAGE_LENGTH);
  42              		.loc 1 26 2 is_stmt 1 view .LVU4
  43 0006 0B22     		movs	r2, #11
  44 0008 0249     		ldr	r1, .L3+4
  45 000a FFF7FEFF 		bl	HAL_UART_Receive_DMA
  46              	.LVL1:
  27:Core/Src/jy62.c **** }
  47              		.loc 1 27 1 is_stmt 0 view .LVU5
  48 000e 08BD     		pop	{r3, pc}
  49              	.L4:
  50              		.align	2
  51              	.L3:
  52 0010 00000000 		.word	.LANCHOR0
  53 0014 00000000 		.word	.LANCHOR1
  54              		.cfi_endproc
  55              	.LFE65:
  57              		.section	.text.SetBaud,"ax",%progbits
  58              		.align	1
  59              		.global	SetBaud
  60              		.syntax unified
  61              		.thumb
  62              		.thumb_func
  63              		.fpu softvfp
  65              	SetBaud:
  66              	.LVL2:
  67              	.LFB67:
  28:Core/Src/jy62.c **** 
  29:Core/Src/jy62.c **** // void jy62MessageRecord(void)
  30:Core/Src/jy62.c **** // {
  31:Core/Src/jy62.c **** // 	if (jy62Receive[0] == 0x55)
  32:Core/Src/jy62.c **** // 	{
  33:Core/Src/jy62.c **** // 		uint8_t sum = 0x00;
  34:Core/Src/jy62.c **** // 		for (int i = 0; i < JY62_MESSAGE_LENGTH - 1; i++)
  35:Core/Src/jy62.c **** // 		{
  36:Core/Src/jy62.c **** // 			sum += jy62Receive[i];
  37:Core/Src/jy62.c **** // 		}
  38:Core/Src/jy62.c **** // 		if (sum == jy62Receive[JY62_MESSAGE_LENGTH - 1])
  39:Core/Src/jy62.c **** // 		{
  40:Core/Src/jy62.c **** // 			for (int i = 0; i < JY62_MESSAGE_LENGTH; i++)
  41:Core/Src/jy62.c **** // 			{
  42:Core/Src/jy62.c **** // 				jy62Message[i] = jy62Receive[i];
  43:Core/Src/jy62.c **** // 			}
  44:Core/Src/jy62.c **** // 			Decode();
  45:Core/Src/jy62.c **** // 		}
  46:Core/Src/jy62.c **** // 	}
  47:Core/Src/jy62.c **** // 	HAL_UART_Receive_DMA(jy62_huart, jy62Receive, JY62_MESSAGE_LENGTH);
  48:Core/Src/jy62.c **** // }
  49:Core/Src/jy62.c **** 
  50:Core/Src/jy62.c **** void jy62MessageRecord(void)
ARM GAS  C:\Users\86183\AppData\Local\Temp\ccEQqEyf.s 			page 3


  51:Core/Src/jy62.c **** {
  52:Core/Src/jy62.c ****     // PrevLen = Á¥ØËÆ°‰∏¢‰ΩçÊï∞ % 11 = Êú¨Êù°‰ø°ÊÅØË¢´‰∏äÊ¨°Êé•Êî∂Êìç‰ΩúÊé•Êî∂ÁöÑ‰ΩçÊï∞ÔºàÂ§¥ÈÉ®Âà
  53:Core/Src/jy62.c ****     // SuccLen = 11 - PrevLen = Êú¨Êù°‰ø°ÊÅØ‰∏≠Ë¢´Êú¨Ê¨°Êé•Êî∂Êìç‰ΩúÊé•Êî∂ÁöÑ‰ΩçÊï∞ÔºàÂ∞æÈÉ®ÂàÜÔºâ
  54:Core/Src/jy62.c ****     //ÁâπÂà´ÁöÑÔºåÂ¶ÇÊûú‰∏¢‰Ωç‰∏çÂèëÁîüÔºåÈÇ£‰πàPrevLenÂßãÁªà‰∏∫0ÔºåSuccLenÂßãÁªà‰∏∫11ÔºåÊ≠§Âç≥triv
  55:Core/Src/jy62.c ****     //‰ªÖÂΩì‰∏¢‰ΩçÂÜçÊ¨°ÂèëÁîüÊó∂ÊâçÈúÄË¶ÅÊõ¥Êñ∞PrevLenÂíåSuccLen
  56:Core/Src/jy62.c ****     //È¶ñÂÖàËøõË°åÊ†°È™åÔºöÊåâÁÖßSuccLenÊ£ÄÊü•ÁêÜËÆ∫‰∏äÂâ©‰ΩôÈÉ®ÂàÜÁöÑÂêé‰∏Ä‰ΩçÊòØÂê¶‰∏∫0x55ÔºåÂç≥Ê
  57:Core/Src/jy62.c ****     if (jy62Receive[SuccLen % JY62_MESSAGE_LENGTH] == 0x55)
  58:Core/Src/jy62.c ****     {
  59:Core/Src/jy62.c ****         //Â¶ÇÊûúÊòØÔºåÂ∞ÜÊú¨Ê¨°Êé•Êî∂Âà∞‰ø°ÊÅØÂ±û‰∫é‰∏ä‰∏ÄÊù°ÁöÑÈÉ®ÂàÜÂΩïÂÖ•Holder‰∏≠ÔºåÊé•Âú®Â∑≤Êé
  60:Core/Src/jy62.c ****         for (int i = 0; i < SuccLen % JY62_MESSAGE_LENGTH; i++)
  61:Core/Src/jy62.c ****         {
  62:Core/Src/jy62.c ****             jy62PrevInfoHolder[PrevLen + i] = jy62Receive[i];
  63:Core/Src/jy62.c ****         }
  64:Core/Src/jy62.c ****         //Ê±ÇÂíåÔºåÂØπÊ†°È™åÂíåËøõË°åÊ£ÄÊü•
  65:Core/Src/jy62.c ****         uint8_t sum = 0x00;
  66:Core/Src/jy62.c ****         for (int i = 0; i < JY62_MESSAGE_LENGTH - 1; i++)
  67:Core/Src/jy62.c ****         {
  68:Core/Src/jy62.c ****             sum += jy62PrevInfoHolder[i];
  69:Core/Src/jy62.c ****         }
  70:Core/Src/jy62.c ****         //Â¶ÇÊûúÁ¨¶ÂêàÂ∞±ËæìÂÖ•Âà∞Message‰∏≠ÔºåÁÑ∂ÂêéËß£Á†Å
  71:Core/Src/jy62.c ****         if (sum == jy62PrevInfoHolder[JY62_MESSAGE_LENGTH - 1])
  72:Core/Src/jy62.c ****         {
  73:Core/Src/jy62.c ****             for (int i = 0; i < JY62_MESSAGE_LENGTH; i++)
  74:Core/Src/jy62.c ****             {
  75:Core/Src/jy62.c ****                 jy62Message[i] = jy62PrevInfoHolder[i];
  76:Core/Src/jy62.c ****             }
  77:Core/Src/jy62.c ****             Decode();
  78:Core/Src/jy62.c ****         }
  79:Core/Src/jy62.c ****     }
  80:Core/Src/jy62.c ****     else
  81:Core/Src/jy62.c ****     {
  82:Core/Src/jy62.c ****         //Âê¶ÂàôÈúÄË¶ÅÊõ¥Êñ∞SuccLenÂíåPrevLen„ÄÇÁî±‰∫é‰∏çËÉΩÁ°ÆÂÆö‰∏¢‰ΩçÂ§öÂ∞ëÔºàÂèØËÉΩË∂ÖËøá11ÔºâÔ
  83:Core/Src/jy62.c ****         SuccLen = 0;
  84:Core/Src/jy62.c ****         while (SuccLen < JY62_MESSAGE_LENGTH && jy62Receive[SuccLen] != 0x55)
  85:Core/Src/jy62.c ****         {
  86:Core/Src/jy62.c ****             SuccLen++;
  87:Core/Src/jy62.c ****         }
  88:Core/Src/jy62.c ****         PrevLen = JY62_MESSAGE_LENGTH - SuccLen;
  89:Core/Src/jy62.c ****     }
  90:Core/Src/jy62.c ****     //ÁÑ∂ÂêéÁªü‰∏ÄËøõÂÖ•HolderÁöÑË¶ÜÁõñÔºåÂ∞ÜÊú¨Ê¨°Êé•Êî∂Êìç‰Ωú‰∏≠Êî∂Âà∞ÁöÑ‰∏ã‰∏ÄÊ¨°‰ø°ÊÅØÁöÑÂ§¥ÈÉ®
  91:Core/Src/jy62.c ****     for (int i = SuccLen % JY62_MESSAGE_LENGTH; i < JY62_MESSAGE_LENGTH; i++)
  92:Core/Src/jy62.c ****     {
  93:Core/Src/jy62.c ****         jy62PrevInfoHolder[i - SuccLen % JY62_MESSAGE_LENGTH] = jy62Receive[i];
  94:Core/Src/jy62.c ****     }
  95:Core/Src/jy62.c ****     //ÈáçÊñ∞ÂºÄÂßãÊé•Êî∂
  96:Core/Src/jy62.c ****     HAL_UART_Receive_DMA(jy62_huart, jy62Receive, JY62_MESSAGE_LENGTH);
  97:Core/Src/jy62.c **** }
  98:Core/Src/jy62.c **** 
  99:Core/Src/jy62.c **** void SetBaud(int Baud)
 100:Core/Src/jy62.c **** {
  68              		.loc 1 100 1 is_stmt 1 view -0
  69              		.cfi_startproc
  70              		@ args = 0, pretend = 0, frame = 0
  71              		@ frame_needed = 0, uses_anonymous_args = 0
  72              		.loc 1 100 1 is_stmt 0 view .LVU7
  73 0000 08B5     		push	{r3, lr}
  74              	.LCFI1:
ARM GAS  C:\Users\86183\AppData\Local\Temp\ccEQqEyf.s 			page 4


  75              		.cfi_def_cfa_offset 8
  76              		.cfi_offset 3, -8
  77              		.cfi_offset 14, -4
 101:Core/Src/jy62.c **** 	if (Baud == 115200)
  78              		.loc 1 101 2 is_stmt 1 view .LVU8
  79              		.loc 1 101 5 is_stmt 0 view .LVU9
  80 0002 B0F5E13F 		cmp	r0, #115200
  81 0006 03D0     		beq	.L9
 102:Core/Src/jy62.c **** 	{
 103:Core/Src/jy62.c **** 		HAL_UART_Transmit(jy62_huart, setBaud115200, 3, HAL_MAX_DELAY);
 104:Core/Src/jy62.c **** 	}
 105:Core/Src/jy62.c **** 	else if (Baud == 9600)
  82              		.loc 1 105 7 is_stmt 1 view .LVU10
  83              		.loc 1 105 10 is_stmt 0 view .LVU11
  84 0008 B0F5165F 		cmp	r0, #9600
  85 000c 09D0     		beq	.L10
  86              	.LVL3:
  87              	.L5:
 106:Core/Src/jy62.c **** 	{
 107:Core/Src/jy62.c **** 		HAL_UART_Transmit(jy62_huart, setBaud9600, 3, HAL_MAX_DELAY);
 108:Core/Src/jy62.c **** 	}
 109:Core/Src/jy62.c **** }
  88              		.loc 1 109 1 view .LVU12
  89 000e 08BD     		pop	{r3, pc}
  90              	.LVL4:
  91              	.L9:
 103:Core/Src/jy62.c **** 	}
  92              		.loc 1 103 3 is_stmt 1 view .LVU13
  93 0010 4FF0FF33 		mov	r3, #-1
  94 0014 0322     		movs	r2, #3
  95 0016 0749     		ldr	r1, .L11
  96 0018 0748     		ldr	r0, .L11+4
  97              	.LVL5:
 103:Core/Src/jy62.c **** 	}
  98              		.loc 1 103 3 is_stmt 0 view .LVU14
  99 001a 0068     		ldr	r0, [r0]
 100 001c FFF7FEFF 		bl	HAL_UART_Transmit
 101              	.LVL6:
 102 0020 F5E7     		b	.L5
 103              	.LVL7:
 104              	.L10:
 107:Core/Src/jy62.c **** 	}
 105              		.loc 1 107 3 is_stmt 1 view .LVU15
 106 0022 4FF0FF33 		mov	r3, #-1
 107 0026 0322     		movs	r2, #3
 108 0028 0449     		ldr	r1, .L11+8
 109 002a 0348     		ldr	r0, .L11+4
 110              	.LVL8:
 107:Core/Src/jy62.c **** 	}
 111              		.loc 1 107 3 is_stmt 0 view .LVU16
 112 002c 0068     		ldr	r0, [r0]
 113 002e FFF7FEFF 		bl	HAL_UART_Transmit
 114              	.LVL9:
 115              		.loc 1 109 1 view .LVU17
 116 0032 ECE7     		b	.L5
 117              	.L12:
 118              		.align	2
ARM GAS  C:\Users\86183\AppData\Local\Temp\ccEQqEyf.s 			page 5


 119              	.L11:
 120 0034 00000000 		.word	.LANCHOR2
 121 0038 00000000 		.word	.LANCHOR0
 122 003c 00000000 		.word	.LANCHOR3
 123              		.cfi_endproc
 124              	.LFE67:
 126              		.section	.text.SetHorizontal,"ax",%progbits
 127              		.align	1
 128              		.global	SetHorizontal
 129              		.syntax unified
 130              		.thumb
 131              		.thumb_func
 132              		.fpu softvfp
 134              	SetHorizontal:
 135              	.LFB68:
 110:Core/Src/jy62.c **** 
 111:Core/Src/jy62.c **** void SetHorizontal()
 112:Core/Src/jy62.c **** {
 136              		.loc 1 112 1 is_stmt 1 view -0
 137              		.cfi_startproc
 138              		@ args = 0, pretend = 0, frame = 0
 139              		@ frame_needed = 0, uses_anonymous_args = 0
 140 0000 08B5     		push	{r3, lr}
 141              	.LCFI2:
 142              		.cfi_def_cfa_offset 8
 143              		.cfi_offset 3, -8
 144              		.cfi_offset 14, -4
 113:Core/Src/jy62.c **** 	HAL_UART_Transmit(jy62_huart, setHorizontal, 3, HAL_MAX_DELAY);
 145              		.loc 1 113 2 view .LVU19
 146 0002 4FF0FF33 		mov	r3, #-1
 147 0006 0322     		movs	r2, #3
 148 0008 0249     		ldr	r1, .L15
 149 000a 0348     		ldr	r0, .L15+4
 150 000c 0068     		ldr	r0, [r0]
 151 000e FFF7FEFF 		bl	HAL_UART_Transmit
 152              	.LVL10:
 114:Core/Src/jy62.c **** }
 153              		.loc 1 114 1 is_stmt 0 view .LVU20
 154 0012 08BD     		pop	{r3, pc}
 155              	.L16:
 156              		.align	2
 157              	.L15:
 158 0014 00000000 		.word	.LANCHOR4
 159 0018 00000000 		.word	.LANCHOR0
 160              		.cfi_endproc
 161              	.LFE68:
 163              		.section	.text.SetVertical,"ax",%progbits
 164              		.align	1
 165              		.global	SetVertical
 166              		.syntax unified
 167              		.thumb
 168              		.thumb_func
 169              		.fpu softvfp
 171              	SetVertical:
 172              	.LFB69:
 115:Core/Src/jy62.c **** 
 116:Core/Src/jy62.c **** void SetVertical()
ARM GAS  C:\Users\86183\AppData\Local\Temp\ccEQqEyf.s 			page 6


 117:Core/Src/jy62.c **** {
 173              		.loc 1 117 1 is_stmt 1 view -0
 174              		.cfi_startproc
 175              		@ args = 0, pretend = 0, frame = 0
 176              		@ frame_needed = 0, uses_anonymous_args = 0
 177 0000 08B5     		push	{r3, lr}
 178              	.LCFI3:
 179              		.cfi_def_cfa_offset 8
 180              		.cfi_offset 3, -8
 181              		.cfi_offset 14, -4
 118:Core/Src/jy62.c **** 	HAL_UART_Transmit(jy62_huart, setVertical, 3, HAL_MAX_DELAY);
 182              		.loc 1 118 2 view .LVU22
 183 0002 4FF0FF33 		mov	r3, #-1
 184 0006 0322     		movs	r2, #3
 185 0008 0249     		ldr	r1, .L19
 186 000a 0348     		ldr	r0, .L19+4
 187 000c 0068     		ldr	r0, [r0]
 188 000e FFF7FEFF 		bl	HAL_UART_Transmit
 189              	.LVL11:
 119:Core/Src/jy62.c **** }
 190              		.loc 1 119 1 is_stmt 0 view .LVU23
 191 0012 08BD     		pop	{r3, pc}
 192              	.L20:
 193              		.align	2
 194              	.L19:
 195 0014 00000000 		.word	.LANCHOR5
 196 0018 00000000 		.word	.LANCHOR0
 197              		.cfi_endproc
 198              	.LFE69:
 200              		.section	.text.InitAngle,"ax",%progbits
 201              		.align	1
 202              		.global	InitAngle
 203              		.syntax unified
 204              		.thumb
 205              		.thumb_func
 206              		.fpu softvfp
 208              	InitAngle:
 209              	.LFB70:
 120:Core/Src/jy62.c **** 
 121:Core/Src/jy62.c **** void InitAngle()
 122:Core/Src/jy62.c **** {
 210              		.loc 1 122 1 is_stmt 1 view -0
 211              		.cfi_startproc
 212              		@ args = 0, pretend = 0, frame = 0
 213              		@ frame_needed = 0, uses_anonymous_args = 0
 214 0000 08B5     		push	{r3, lr}
 215              	.LCFI4:
 216              		.cfi_def_cfa_offset 8
 217              		.cfi_offset 3, -8
 218              		.cfi_offset 14, -4
 123:Core/Src/jy62.c **** 	HAL_UART_Transmit(jy62_huart, initAngle, 3, HAL_MAX_DELAY);
 219              		.loc 1 123 2 view .LVU25
 220 0002 4FF0FF33 		mov	r3, #-1
 221 0006 0322     		movs	r2, #3
 222 0008 0249     		ldr	r1, .L23
 223 000a 0348     		ldr	r0, .L23+4
 224 000c 0068     		ldr	r0, [r0]
ARM GAS  C:\Users\86183\AppData\Local\Temp\ccEQqEyf.s 			page 7


 225 000e FFF7FEFF 		bl	HAL_UART_Transmit
 226              	.LVL12:
 124:Core/Src/jy62.c **** }
 227              		.loc 1 124 1 is_stmt 0 view .LVU26
 228 0012 08BD     		pop	{r3, pc}
 229              	.L24:
 230              		.align	2
 231              	.L23:
 232 0014 00000000 		.word	.LANCHOR6
 233 0018 00000000 		.word	.LANCHOR0
 234              		.cfi_endproc
 235              	.LFE70:
 237              		.section	.text.Calibrate,"ax",%progbits
 238              		.align	1
 239              		.global	Calibrate
 240              		.syntax unified
 241              		.thumb
 242              		.thumb_func
 243              		.fpu softvfp
 245              	Calibrate:
 246              	.LFB71:
 125:Core/Src/jy62.c **** 
 126:Core/Src/jy62.c **** void Calibrate()
 127:Core/Src/jy62.c **** {
 247              		.loc 1 127 1 is_stmt 1 view -0
 248              		.cfi_startproc
 249              		@ args = 0, pretend = 0, frame = 0
 250              		@ frame_needed = 0, uses_anonymous_args = 0
 251 0000 08B5     		push	{r3, lr}
 252              	.LCFI5:
 253              		.cfi_def_cfa_offset 8
 254              		.cfi_offset 3, -8
 255              		.cfi_offset 14, -4
 128:Core/Src/jy62.c **** 	HAL_UART_Transmit(jy62_huart, calibrateAcce, 3, HAL_MAX_DELAY);
 256              		.loc 1 128 2 view .LVU28
 257 0002 4FF0FF33 		mov	r3, #-1
 258 0006 0322     		movs	r2, #3
 259 0008 0249     		ldr	r1, .L27
 260 000a 0348     		ldr	r0, .L27+4
 261 000c 0068     		ldr	r0, [r0]
 262 000e FFF7FEFF 		bl	HAL_UART_Transmit
 263              	.LVL13:
 129:Core/Src/jy62.c **** }
 264              		.loc 1 129 1 is_stmt 0 view .LVU29
 265 0012 08BD     		pop	{r3, pc}
 266              	.L28:
 267              		.align	2
 268              	.L27:
 269 0014 00000000 		.word	.LANCHOR7
 270 0018 00000000 		.word	.LANCHOR0
 271              		.cfi_endproc
 272              	.LFE71:
 274              		.section	.text.SleepOrAwake,"ax",%progbits
 275              		.align	1
 276              		.global	SleepOrAwake
 277              		.syntax unified
 278              		.thumb
ARM GAS  C:\Users\86183\AppData\Local\Temp\ccEQqEyf.s 			page 8


 279              		.thumb_func
 280              		.fpu softvfp
 282              	SleepOrAwake:
 283              	.LFB72:
 130:Core/Src/jy62.c **** 
 131:Core/Src/jy62.c **** void SleepOrAwake()
 132:Core/Src/jy62.c **** {
 284              		.loc 1 132 1 is_stmt 1 view -0
 285              		.cfi_startproc
 286              		@ args = 0, pretend = 0, frame = 0
 287              		@ frame_needed = 0, uses_anonymous_args = 0
 288 0000 08B5     		push	{r3, lr}
 289              	.LCFI6:
 290              		.cfi_def_cfa_offset 8
 291              		.cfi_offset 3, -8
 292              		.cfi_offset 14, -4
 133:Core/Src/jy62.c **** 	HAL_UART_Transmit(jy62_huart, sleepAndAwake, 3, HAL_MAX_DELAY);
 293              		.loc 1 133 2 view .LVU31
 294 0002 4FF0FF33 		mov	r3, #-1
 295 0006 0322     		movs	r2, #3
 296 0008 0249     		ldr	r1, .L31
 297 000a 0348     		ldr	r0, .L31+4
 298 000c 0068     		ldr	r0, [r0]
 299 000e FFF7FEFF 		bl	HAL_UART_Transmit
 300              	.LVL14:
 134:Core/Src/jy62.c **** }
 301              		.loc 1 134 1 is_stmt 0 view .LVU32
 302 0012 08BD     		pop	{r3, pc}
 303              	.L32:
 304              		.align	2
 305              	.L31:
 306 0014 00000000 		.word	.LANCHOR8
 307 0018 00000000 		.word	.LANCHOR0
 308              		.cfi_endproc
 309              	.LFE72:
 311              		.section	.text.GetRoll,"ax",%progbits
 312              		.align	1
 313              		.global	GetRoll
 314              		.syntax unified
 315              		.thumb
 316              		.thumb_func
 317              		.fpu softvfp
 319              	GetRoll:
 320              	.LFB73:
 135:Core/Src/jy62.c **** 
 136:Core/Src/jy62.c **** float GetRoll()
 137:Core/Src/jy62.c **** {
 321              		.loc 1 137 1 is_stmt 1 view -0
 322              		.cfi_startproc
 323              		@ args = 0, pretend = 0, frame = 0
 324              		@ frame_needed = 0, uses_anonymous_args = 0
 325              		@ link register save eliminated.
 138:Core/Src/jy62.c **** 	return Angle.roll;
 326              		.loc 1 138 2 view .LVU34
 139:Core/Src/jy62.c **** }
 327              		.loc 1 139 1 is_stmt 0 view .LVU35
 328 0000 014B     		ldr	r3, .L34
ARM GAS  C:\Users\86183\AppData\Local\Temp\ccEQqEyf.s 			page 9


 329 0002 1868     		ldr	r0, [r3]	@ float
 330 0004 7047     		bx	lr
 331              	.L35:
 332 0006 00BF     		.align	2
 333              	.L34:
 334 0008 00000000 		.word	.LANCHOR9
 335              		.cfi_endproc
 336              	.LFE73:
 338              		.section	.text.GetPitch,"ax",%progbits
 339              		.align	1
 340              		.global	GetPitch
 341              		.syntax unified
 342              		.thumb
 343              		.thumb_func
 344              		.fpu softvfp
 346              	GetPitch:
 347              	.LFB74:
 140:Core/Src/jy62.c **** float GetPitch()
 141:Core/Src/jy62.c **** {
 348              		.loc 1 141 1 is_stmt 1 view -0
 349              		.cfi_startproc
 350              		@ args = 0, pretend = 0, frame = 0
 351              		@ frame_needed = 0, uses_anonymous_args = 0
 352              		@ link register save eliminated.
 142:Core/Src/jy62.c **** 	return Angle.pitch;
 353              		.loc 1 142 2 view .LVU37
 143:Core/Src/jy62.c **** }
 354              		.loc 1 143 1 is_stmt 0 view .LVU38
 355 0000 014B     		ldr	r3, .L37
 356 0002 5868     		ldr	r0, [r3, #4]	@ float
 357 0004 7047     		bx	lr
 358              	.L38:
 359 0006 00BF     		.align	2
 360              	.L37:
 361 0008 00000000 		.word	.LANCHOR9
 362              		.cfi_endproc
 363              	.LFE74:
 365              		.section	.text.GetYaw,"ax",%progbits
 366              		.align	1
 367              		.global	GetYaw
 368              		.syntax unified
 369              		.thumb
 370              		.thumb_func
 371              		.fpu softvfp
 373              	GetYaw:
 374              	.LFB75:
 144:Core/Src/jy62.c **** float GetYaw()
 145:Core/Src/jy62.c **** {
 375              		.loc 1 145 1 is_stmt 1 view -0
 376              		.cfi_startproc
 377              		@ args = 0, pretend = 0, frame = 0
 378              		@ frame_needed = 0, uses_anonymous_args = 0
 379              		@ link register save eliminated.
 146:Core/Src/jy62.c **** 	return Angle.yaw;
 380              		.loc 1 146 2 view .LVU40
 147:Core/Src/jy62.c **** }
 381              		.loc 1 147 1 is_stmt 0 view .LVU41
ARM GAS  C:\Users\86183\AppData\Local\Temp\ccEQqEyf.s 			page 10


 382 0000 014B     		ldr	r3, .L40
 383 0002 9868     		ldr	r0, [r3, #8]	@ float
 384 0004 7047     		bx	lr
 385              	.L41:
 386 0006 00BF     		.align	2
 387              	.L40:
 388 0008 00000000 		.word	.LANCHOR9
 389              		.cfi_endproc
 390              	.LFE75:
 392              		.section	.text.GetTemperature,"ax",%progbits
 393              		.align	1
 394              		.global	GetTemperature
 395              		.syntax unified
 396              		.thumb
 397              		.thumb_func
 398              		.fpu softvfp
 400              	GetTemperature:
 401              	.LFB76:
 148:Core/Src/jy62.c **** 
 149:Core/Src/jy62.c **** float GetTemperature()
 150:Core/Src/jy62.c **** {
 402              		.loc 1 150 1 is_stmt 1 view -0
 403              		.cfi_startproc
 404              		@ args = 0, pretend = 0, frame = 0
 405              		@ frame_needed = 0, uses_anonymous_args = 0
 406              		@ link register save eliminated.
 151:Core/Src/jy62.c **** 	return Temperature.temperature;
 407              		.loc 1 151 2 view .LVU43
 152:Core/Src/jy62.c **** }
 408              		.loc 1 152 1 is_stmt 0 view .LVU44
 409 0000 014B     		ldr	r3, .L43
 410 0002 1868     		ldr	r0, [r3]	@ float
 411 0004 7047     		bx	lr
 412              	.L44:
 413 0006 00BF     		.align	2
 414              	.L43:
 415 0008 00000000 		.word	.LANCHOR10
 416              		.cfi_endproc
 417              	.LFE76:
 419              		.section	.text.GetAccX,"ax",%progbits
 420              		.align	1
 421              		.global	GetAccX
 422              		.syntax unified
 423              		.thumb
 424              		.thumb_func
 425              		.fpu softvfp
 427              	GetAccX:
 428              	.LFB77:
 153:Core/Src/jy62.c **** 
 154:Core/Src/jy62.c **** float GetAccX()
 155:Core/Src/jy62.c **** {
 429              		.loc 1 155 1 is_stmt 1 view -0
 430              		.cfi_startproc
 431              		@ args = 0, pretend = 0, frame = 0
 432              		@ frame_needed = 0, uses_anonymous_args = 0
 433              		@ link register save eliminated.
 156:Core/Src/jy62.c **** 	return Accelerate.accelerate_x;
ARM GAS  C:\Users\86183\AppData\Local\Temp\ccEQqEyf.s 			page 11


 434              		.loc 1 156 2 view .LVU46
 157:Core/Src/jy62.c **** }
 435              		.loc 1 157 1 is_stmt 0 view .LVU47
 436 0000 014B     		ldr	r3, .L46
 437 0002 1868     		ldr	r0, [r3]	@ float
 438 0004 7047     		bx	lr
 439              	.L47:
 440 0006 00BF     		.align	2
 441              	.L46:
 442 0008 00000000 		.word	.LANCHOR11
 443              		.cfi_endproc
 444              	.LFE77:
 446              		.section	.text.GetAccY,"ax",%progbits
 447              		.align	1
 448              		.global	GetAccY
 449              		.syntax unified
 450              		.thumb
 451              		.thumb_func
 452              		.fpu softvfp
 454              	GetAccY:
 455              	.LFB78:
 158:Core/Src/jy62.c **** float GetAccY()
 159:Core/Src/jy62.c **** {
 456              		.loc 1 159 1 is_stmt 1 view -0
 457              		.cfi_startproc
 458              		@ args = 0, pretend = 0, frame = 0
 459              		@ frame_needed = 0, uses_anonymous_args = 0
 460              		@ link register save eliminated.
 160:Core/Src/jy62.c **** 	return Accelerate.accelerate_y;
 461              		.loc 1 160 2 view .LVU49
 161:Core/Src/jy62.c **** }
 462              		.loc 1 161 1 is_stmt 0 view .LVU50
 463 0000 014B     		ldr	r3, .L49
 464 0002 5868     		ldr	r0, [r3, #4]	@ float
 465 0004 7047     		bx	lr
 466              	.L50:
 467 0006 00BF     		.align	2
 468              	.L49:
 469 0008 00000000 		.word	.LANCHOR11
 470              		.cfi_endproc
 471              	.LFE78:
 473              		.section	.text.GetAccZ,"ax",%progbits
 474              		.align	1
 475              		.global	GetAccZ
 476              		.syntax unified
 477              		.thumb
 478              		.thumb_func
 479              		.fpu softvfp
 481              	GetAccZ:
 482              	.LFB79:
 162:Core/Src/jy62.c **** float GetAccZ()
 163:Core/Src/jy62.c **** {
 483              		.loc 1 163 1 is_stmt 1 view -0
 484              		.cfi_startproc
 485              		@ args = 0, pretend = 0, frame = 0
 486              		@ frame_needed = 0, uses_anonymous_args = 0
 487              		@ link register save eliminated.
ARM GAS  C:\Users\86183\AppData\Local\Temp\ccEQqEyf.s 			page 12


 164:Core/Src/jy62.c **** 	return Accelerate.accelerate_z;
 488              		.loc 1 164 2 view .LVU52
 165:Core/Src/jy62.c **** }
 489              		.loc 1 165 1 is_stmt 0 view .LVU53
 490 0000 014B     		ldr	r3, .L52
 491 0002 9868     		ldr	r0, [r3, #8]	@ float
 492 0004 7047     		bx	lr
 493              	.L53:
 494 0006 00BF     		.align	2
 495              	.L52:
 496 0008 00000000 		.word	.LANCHOR11
 497              		.cfi_endproc
 498              	.LFE79:
 500              		.section	.text.GetVeloX,"ax",%progbits
 501              		.align	1
 502              		.global	GetVeloX
 503              		.syntax unified
 504              		.thumb
 505              		.thumb_func
 506              		.fpu softvfp
 508              	GetVeloX:
 509              	.LFB80:
 166:Core/Src/jy62.c **** 
 167:Core/Src/jy62.c **** float GetVeloX()
 168:Core/Src/jy62.c **** {
 510              		.loc 1 168 1 is_stmt 1 view -0
 511              		.cfi_startproc
 512              		@ args = 0, pretend = 0, frame = 0
 513              		@ frame_needed = 0, uses_anonymous_args = 0
 514              		@ link register save eliminated.
 169:Core/Src/jy62.c **** 	return Velocity.velocity_x;
 515              		.loc 1 169 2 view .LVU55
 170:Core/Src/jy62.c **** }
 516              		.loc 1 170 1 is_stmt 0 view .LVU56
 517 0000 014B     		ldr	r3, .L55
 518 0002 1868     		ldr	r0, [r3]	@ float
 519 0004 7047     		bx	lr
 520              	.L56:
 521 0006 00BF     		.align	2
 522              	.L55:
 523 0008 00000000 		.word	.LANCHOR12
 524              		.cfi_endproc
 525              	.LFE80:
 527              		.section	.text.GetVeloY,"ax",%progbits
 528              		.align	1
 529              		.global	GetVeloY
 530              		.syntax unified
 531              		.thumb
 532              		.thumb_func
 533              		.fpu softvfp
 535              	GetVeloY:
 536              	.LFB81:
 171:Core/Src/jy62.c **** float GetVeloY()
 172:Core/Src/jy62.c **** {
 537              		.loc 1 172 1 is_stmt 1 view -0
 538              		.cfi_startproc
 539              		@ args = 0, pretend = 0, frame = 0
ARM GAS  C:\Users\86183\AppData\Local\Temp\ccEQqEyf.s 			page 13


 540              		@ frame_needed = 0, uses_anonymous_args = 0
 541              		@ link register save eliminated.
 173:Core/Src/jy62.c **** 	return Velocity.velocity_y;
 542              		.loc 1 173 2 view .LVU58
 174:Core/Src/jy62.c **** }
 543              		.loc 1 174 1 is_stmt 0 view .LVU59
 544 0000 014B     		ldr	r3, .L58
 545 0002 5868     		ldr	r0, [r3, #4]	@ float
 546 0004 7047     		bx	lr
 547              	.L59:
 548 0006 00BF     		.align	2
 549              	.L58:
 550 0008 00000000 		.word	.LANCHOR12
 551              		.cfi_endproc
 552              	.LFE81:
 554              		.section	.text.GetVeloZ,"ax",%progbits
 555              		.align	1
 556              		.global	GetVeloZ
 557              		.syntax unified
 558              		.thumb
 559              		.thumb_func
 560              		.fpu softvfp
 562              	GetVeloZ:
 563              	.LFB82:
 175:Core/Src/jy62.c **** float GetVeloZ()
 176:Core/Src/jy62.c **** {
 564              		.loc 1 176 1 is_stmt 1 view -0
 565              		.cfi_startproc
 566              		@ args = 0, pretend = 0, frame = 0
 567              		@ frame_needed = 0, uses_anonymous_args = 0
 568              		@ link register save eliminated.
 177:Core/Src/jy62.c **** 	return Velocity.velocity_z;
 569              		.loc 1 177 2 view .LVU61
 178:Core/Src/jy62.c **** }
 570              		.loc 1 178 1 is_stmt 0 view .LVU62
 571 0000 014B     		ldr	r3, .L61
 572 0002 9868     		ldr	r0, [r3, #8]	@ float
 573 0004 7047     		bx	lr
 574              	.L62:
 575 0006 00BF     		.align	2
 576              	.L61:
 577 0008 00000000 		.word	.LANCHOR12
 578              		.cfi_endproc
 579              	.LFE82:
 581              		.global	__aeabi_i2f
 582              		.global	__aeabi_fmul
 583              		.section	.text.DecodeAngle,"ax",%progbits
 584              		.align	1
 585              		.global	DecodeAngle
 586              		.syntax unified
 587              		.thumb
 588              		.thumb_func
 589              		.fpu softvfp
 591              	DecodeAngle:
 592              	.LFB83:
 179:Core/Src/jy62.c **** 
 180:Core/Src/jy62.c **** /***************************************************/
ARM GAS  C:\Users\86183\AppData\Local\Temp\ccEQqEyf.s 			page 14


 181:Core/Src/jy62.c **** 
 182:Core/Src/jy62.c **** void DecodeAngle()
 183:Core/Src/jy62.c **** {
 593              		.loc 1 183 1 is_stmt 1 view -0
 594              		.cfi_startproc
 595              		@ args = 0, pretend = 0, frame = 0
 596              		@ frame_needed = 0, uses_anonymous_args = 0
 597 0000 38B5     		push	{r3, r4, r5, lr}
 598              	.LCFI7:
 599              		.cfi_def_cfa_offset 16
 600              		.cfi_offset 3, -16
 601              		.cfi_offset 4, -12
 602              		.cfi_offset 5, -8
 603              		.cfi_offset 14, -4
 184:Core/Src/jy62.c **** 	Angle.roll = (float)((jy62Message[3] << 8) | jy62Message[2]) / 32768 * 180;
 604              		.loc 1 184 2 view .LVU64
 605              		.loc 1 184 35 is_stmt 0 view .LVU65
 606 0002 164C     		ldr	r4, .L65
 607 0004 E078     		ldrb	r0, [r4, #3]	@ zero_extendqisi2
 608              		.loc 1 184 58 view .LVU66
 609 0006 A378     		ldrb	r3, [r4, #2]	@ zero_extendqisi2
 610              		.loc 1 184 15 view .LVU67
 611 0008 43EA0020 		orr	r0, r3, r0, lsl #8
 612 000c FFF7FEFF 		bl	__aeabi_i2f
 613              	.LVL15:
 614              		.loc 1 184 63 view .LVU68
 615 0010 4FF06051 		mov	r1, #939524096
 616 0014 FFF7FEFF 		bl	__aeabi_fmul
 617              	.LVL16:
 618              		.loc 1 184 71 view .LVU69
 619 0018 1149     		ldr	r1, .L65+4
 620 001a FFF7FEFF 		bl	__aeabi_fmul
 621              	.LVL17:
 622              		.loc 1 184 13 view .LVU70
 623 001e 114D     		ldr	r5, .L65+8
 624 0020 2860     		str	r0, [r5]	@ float
 185:Core/Src/jy62.c **** 	Angle.pitch = (float)((jy62Message[5] << 8) | jy62Message[4]) / 32768 * 180;
 625              		.loc 1 185 2 is_stmt 1 view .LVU71
 626              		.loc 1 185 36 is_stmt 0 view .LVU72
 627 0022 6079     		ldrb	r0, [r4, #5]	@ zero_extendqisi2
 628              		.loc 1 185 59 view .LVU73
 629 0024 2379     		ldrb	r3, [r4, #4]	@ zero_extendqisi2
 630              		.loc 1 185 16 view .LVU74
 631 0026 43EA0020 		orr	r0, r3, r0, lsl #8
 632 002a FFF7FEFF 		bl	__aeabi_i2f
 633              	.LVL18:
 634              		.loc 1 185 64 view .LVU75
 635 002e 4FF06051 		mov	r1, #939524096
 636 0032 FFF7FEFF 		bl	__aeabi_fmul
 637              	.LVL19:
 638              		.loc 1 185 72 view .LVU76
 639 0036 0A49     		ldr	r1, .L65+4
 640 0038 FFF7FEFF 		bl	__aeabi_fmul
 641              	.LVL20:
 642              		.loc 1 185 14 view .LVU77
 643 003c 6860     		str	r0, [r5, #4]	@ float
 186:Core/Src/jy62.c **** 	Angle.yaw = (float)((jy62Message[7] << 8) | jy62Message[6]) / 32768 * 180;
ARM GAS  C:\Users\86183\AppData\Local\Temp\ccEQqEyf.s 			page 15


 644              		.loc 1 186 2 is_stmt 1 view .LVU78
 645              		.loc 1 186 34 is_stmt 0 view .LVU79
 646 003e E079     		ldrb	r0, [r4, #7]	@ zero_extendqisi2
 647              		.loc 1 186 57 view .LVU80
 648 0040 A379     		ldrb	r3, [r4, #6]	@ zero_extendqisi2
 649              		.loc 1 186 14 view .LVU81
 650 0042 43EA0020 		orr	r0, r3, r0, lsl #8
 651 0046 FFF7FEFF 		bl	__aeabi_i2f
 652              	.LVL21:
 653              		.loc 1 186 62 view .LVU82
 654 004a 4FF06051 		mov	r1, #939524096
 655 004e FFF7FEFF 		bl	__aeabi_fmul
 656              	.LVL22:
 657              		.loc 1 186 70 view .LVU83
 658 0052 0349     		ldr	r1, .L65+4
 659 0054 FFF7FEFF 		bl	__aeabi_fmul
 660              	.LVL23:
 661              		.loc 1 186 12 view .LVU84
 662 0058 A860     		str	r0, [r5, #8]	@ float
 187:Core/Src/jy62.c **** }
 663              		.loc 1 187 1 view .LVU85
 664 005a 38BD     		pop	{r3, r4, r5, pc}
 665              	.L66:
 666              		.align	2
 667              	.L65:
 668 005c 00000000 		.word	.LANCHOR13
 669 0060 00003443 		.word	1127481344
 670 0064 00000000 		.word	.LANCHOR9
 671              		.cfi_endproc
 672              	.LFE83:
 674              		.global	__aeabi_f2d
 675              		.global	__aeabi_dmul
 676              		.global	__aeabi_d2f
 677              		.section	.text.DecodeAccelerate,"ax",%progbits
 678              		.align	1
 679              		.global	DecodeAccelerate
 680              		.syntax unified
 681              		.thumb
 682              		.thumb_func
 683              		.fpu softvfp
 685              	DecodeAccelerate:
 686              	.LFB84:
 188:Core/Src/jy62.c **** 
 189:Core/Src/jy62.c **** void DecodeAccelerate()
 190:Core/Src/jy62.c **** {
 687              		.loc 1 190 1 is_stmt 1 view -0
 688              		.cfi_startproc
 689              		@ args = 0, pretend = 0, frame = 0
 690              		@ frame_needed = 0, uses_anonymous_args = 0
 691 0000 38B5     		push	{r3, r4, r5, lr}
 692              	.LCFI8:
 693              		.cfi_def_cfa_offset 16
 694              		.cfi_offset 3, -16
 695              		.cfi_offset 4, -12
 696              		.cfi_offset 5, -8
 697              		.cfi_offset 14, -4
 191:Core/Src/jy62.c **** 	Accelerate.accelerate_x = (float)((jy62Message[3] << 8) | jy62Message[2]) / 32768 * 16 * g;
ARM GAS  C:\Users\86183\AppData\Local\Temp\ccEQqEyf.s 			page 16


 698              		.loc 1 191 2 view .LVU87
 699              		.loc 1 191 48 is_stmt 0 view .LVU88
 700 0002 274C     		ldr	r4, .L69+8
 701 0004 E078     		ldrb	r0, [r4, #3]	@ zero_extendqisi2
 702              		.loc 1 191 71 view .LVU89
 703 0006 A378     		ldrb	r3, [r4, #2]	@ zero_extendqisi2
 704              		.loc 1 191 28 view .LVU90
 705 0008 43EA0020 		orr	r0, r3, r0, lsl #8
 706 000c FFF7FEFF 		bl	__aeabi_i2f
 707              	.LVL24:
 708              		.loc 1 191 76 view .LVU91
 709 0010 4FF06051 		mov	r1, #939524096
 710 0014 FFF7FEFF 		bl	__aeabi_fmul
 711              	.LVL25:
 712              		.loc 1 191 84 view .LVU92
 713 0018 4FF08341 		mov	r1, #1098907648
 714 001c FFF7FEFF 		bl	__aeabi_fmul
 715              	.LVL26:
 716 0020 FFF7FEFF 		bl	__aeabi_f2d
 717              	.LVL27:
 718              		.loc 1 191 89 view .LVU93
 719 0024 1CA3     		adr	r3, .L69
 720 0026 D3E90023 		ldrd	r2, [r3]
 721 002a FFF7FEFF 		bl	__aeabi_dmul
 722              	.LVL28:
 723 002e FFF7FEFF 		bl	__aeabi_d2f
 724              	.LVL29:
 725              		.loc 1 191 26 view .LVU94
 726 0032 1C4D     		ldr	r5, .L69+12
 727 0034 2860     		str	r0, [r5]	@ float
 192:Core/Src/jy62.c **** 	Accelerate.accelerate_y = (float)((jy62Message[5] << 8) | jy62Message[4]) / 32768 * 16 * g;
 728              		.loc 1 192 2 is_stmt 1 view .LVU95
 729              		.loc 1 192 48 is_stmt 0 view .LVU96
 730 0036 6079     		ldrb	r0, [r4, #5]	@ zero_extendqisi2
 731              		.loc 1 192 71 view .LVU97
 732 0038 2379     		ldrb	r3, [r4, #4]	@ zero_extendqisi2
 733              		.loc 1 192 28 view .LVU98
 734 003a 43EA0020 		orr	r0, r3, r0, lsl #8
 735 003e FFF7FEFF 		bl	__aeabi_i2f
 736              	.LVL30:
 737              		.loc 1 192 76 view .LVU99
 738 0042 4FF06051 		mov	r1, #939524096
 739 0046 FFF7FEFF 		bl	__aeabi_fmul
 740              	.LVL31:
 741              		.loc 1 192 84 view .LVU100
 742 004a 4FF08341 		mov	r1, #1098907648
 743 004e FFF7FEFF 		bl	__aeabi_fmul
 744              	.LVL32:
 745 0052 FFF7FEFF 		bl	__aeabi_f2d
 746              	.LVL33:
 747              		.loc 1 192 89 view .LVU101
 748 0056 10A3     		adr	r3, .L69
 749 0058 D3E90023 		ldrd	r2, [r3]
 750 005c FFF7FEFF 		bl	__aeabi_dmul
 751              	.LVL34:
 752 0060 FFF7FEFF 		bl	__aeabi_d2f
 753              	.LVL35:
ARM GAS  C:\Users\86183\AppData\Local\Temp\ccEQqEyf.s 			page 17


 754              		.loc 1 192 26 view .LVU102
 755 0064 6860     		str	r0, [r5, #4]	@ float
 193:Core/Src/jy62.c **** 	Accelerate.accelerate_z = (float)((jy62Message[7] << 8) | jy62Message[6]) / 32768 * 16 * g;
 756              		.loc 1 193 2 is_stmt 1 view .LVU103
 757              		.loc 1 193 48 is_stmt 0 view .LVU104
 758 0066 E079     		ldrb	r0, [r4, #7]	@ zero_extendqisi2
 759              		.loc 1 193 71 view .LVU105
 760 0068 A379     		ldrb	r3, [r4, #6]	@ zero_extendqisi2
 761              		.loc 1 193 28 view .LVU106
 762 006a 43EA0020 		orr	r0, r3, r0, lsl #8
 763 006e FFF7FEFF 		bl	__aeabi_i2f
 764              	.LVL36:
 765              		.loc 1 193 76 view .LVU107
 766 0072 4FF06051 		mov	r1, #939524096
 767 0076 FFF7FEFF 		bl	__aeabi_fmul
 768              	.LVL37:
 769              		.loc 1 193 84 view .LVU108
 770 007a 4FF08341 		mov	r1, #1098907648
 771 007e FFF7FEFF 		bl	__aeabi_fmul
 772              	.LVL38:
 773 0082 FFF7FEFF 		bl	__aeabi_f2d
 774              	.LVL39:
 775              		.loc 1 193 89 view .LVU109
 776 0086 04A3     		adr	r3, .L69
 777 0088 D3E90023 		ldrd	r2, [r3]
 778 008c FFF7FEFF 		bl	__aeabi_dmul
 779              	.LVL40:
 780 0090 FFF7FEFF 		bl	__aeabi_d2f
 781              	.LVL41:
 782              		.loc 1 193 26 view .LVU110
 783 0094 A860     		str	r0, [r5, #8]	@ float
 194:Core/Src/jy62.c **** }
 784              		.loc 1 194 1 view .LVU111
 785 0096 38BD     		pop	{r3, r4, r5, pc}
 786              	.L70:
 787              		.align	3
 788              	.L69:
 789 0098 9A999999 		.word	-1717986918
 790 009c 99992340 		.word	1076074905
 791 00a0 00000000 		.word	.LANCHOR13
 792 00a4 00000000 		.word	.LANCHOR11
 793              		.cfi_endproc
 794              	.LFE84:
 796              		.section	.text.DecodeVelocity,"ax",%progbits
 797              		.align	1
 798              		.global	DecodeVelocity
 799              		.syntax unified
 800              		.thumb
 801              		.thumb_func
 802              		.fpu softvfp
 804              	DecodeVelocity:
 805              	.LFB85:
 195:Core/Src/jy62.c **** 
 196:Core/Src/jy62.c **** void DecodeVelocity()
 197:Core/Src/jy62.c **** {
 806              		.loc 1 197 1 is_stmt 1 view -0
 807              		.cfi_startproc
ARM GAS  C:\Users\86183\AppData\Local\Temp\ccEQqEyf.s 			page 18


 808              		@ args = 0, pretend = 0, frame = 0
 809              		@ frame_needed = 0, uses_anonymous_args = 0
 810 0000 38B5     		push	{r3, r4, r5, lr}
 811              	.LCFI9:
 812              		.cfi_def_cfa_offset 16
 813              		.cfi_offset 3, -16
 814              		.cfi_offset 4, -12
 815              		.cfi_offset 5, -8
 816              		.cfi_offset 14, -4
 198:Core/Src/jy62.c **** 	Velocity.velocity_x = (float)((jy62Message[3] << 8) | jy62Message[2]) / 32768 * 2000;
 817              		.loc 1 198 2 view .LVU113
 818              		.loc 1 198 44 is_stmt 0 view .LVU114
 819 0002 164C     		ldr	r4, .L73
 820 0004 E078     		ldrb	r0, [r4, #3]	@ zero_extendqisi2
 821              		.loc 1 198 67 view .LVU115
 822 0006 A378     		ldrb	r3, [r4, #2]	@ zero_extendqisi2
 823              		.loc 1 198 24 view .LVU116
 824 0008 43EA0020 		orr	r0, r3, r0, lsl #8
 825 000c FFF7FEFF 		bl	__aeabi_i2f
 826              	.LVL42:
 827              		.loc 1 198 72 view .LVU117
 828 0010 4FF06051 		mov	r1, #939524096
 829 0014 FFF7FEFF 		bl	__aeabi_fmul
 830              	.LVL43:
 831              		.loc 1 198 80 view .LVU118
 832 0018 1149     		ldr	r1, .L73+4
 833 001a FFF7FEFF 		bl	__aeabi_fmul
 834              	.LVL44:
 835              		.loc 1 198 22 view .LVU119
 836 001e 114D     		ldr	r5, .L73+8
 837 0020 2860     		str	r0, [r5]	@ float
 199:Core/Src/jy62.c **** 	Velocity.velocity_y = (float)((jy62Message[5] << 8) | jy62Message[4]) / 32768 * 2000;
 838              		.loc 1 199 2 is_stmt 1 view .LVU120
 839              		.loc 1 199 44 is_stmt 0 view .LVU121
 840 0022 6079     		ldrb	r0, [r4, #5]	@ zero_extendqisi2
 841              		.loc 1 199 67 view .LVU122
 842 0024 2379     		ldrb	r3, [r4, #4]	@ zero_extendqisi2
 843              		.loc 1 199 24 view .LVU123
 844 0026 43EA0020 		orr	r0, r3, r0, lsl #8
 845 002a FFF7FEFF 		bl	__aeabi_i2f
 846              	.LVL45:
 847              		.loc 1 199 72 view .LVU124
 848 002e 4FF06051 		mov	r1, #939524096
 849 0032 FFF7FEFF 		bl	__aeabi_fmul
 850              	.LVL46:
 851              		.loc 1 199 80 view .LVU125
 852 0036 0A49     		ldr	r1, .L73+4
 853 0038 FFF7FEFF 		bl	__aeabi_fmul
 854              	.LVL47:
 855              		.loc 1 199 22 view .LVU126
 856 003c 6860     		str	r0, [r5, #4]	@ float
 200:Core/Src/jy62.c **** 	Velocity.velocity_z = (float)((jy62Message[7] << 8) | jy62Message[6]) / 32768 * 2000;
 857              		.loc 1 200 2 is_stmt 1 view .LVU127
 858              		.loc 1 200 44 is_stmt 0 view .LVU128
 859 003e E079     		ldrb	r0, [r4, #7]	@ zero_extendqisi2
 860              		.loc 1 200 67 view .LVU129
 861 0040 A379     		ldrb	r3, [r4, #6]	@ zero_extendqisi2
ARM GAS  C:\Users\86183\AppData\Local\Temp\ccEQqEyf.s 			page 19


 862              		.loc 1 200 24 view .LVU130
 863 0042 43EA0020 		orr	r0, r3, r0, lsl #8
 864 0046 FFF7FEFF 		bl	__aeabi_i2f
 865              	.LVL48:
 866              		.loc 1 200 72 view .LVU131
 867 004a 4FF06051 		mov	r1, #939524096
 868 004e FFF7FEFF 		bl	__aeabi_fmul
 869              	.LVL49:
 870              		.loc 1 200 80 view .LVU132
 871 0052 0349     		ldr	r1, .L73+4
 872 0054 FFF7FEFF 		bl	__aeabi_fmul
 873              	.LVL50:
 874              		.loc 1 200 22 view .LVU133
 875 0058 A860     		str	r0, [r5, #8]	@ float
 201:Core/Src/jy62.c **** }
 876              		.loc 1 201 1 view .LVU134
 877 005a 38BD     		pop	{r3, r4, r5, pc}
 878              	.L74:
 879              		.align	2
 880              	.L73:
 881 005c 00000000 		.word	.LANCHOR13
 882 0060 0000FA44 		.word	1157234688
 883 0064 00000000 		.word	.LANCHOR12
 884              		.cfi_endproc
 885              	.LFE85:
 887              		.global	__aeabi_i2d
 888              		.global	__aeabi_dadd
 889              		.section	.text.DecodeTemperature,"ax",%progbits
 890              		.align	1
 891              		.global	DecodeTemperature
 892              		.syntax unified
 893              		.thumb
 894              		.thumb_func
 895              		.fpu softvfp
 897              	DecodeTemperature:
 898              	.LFB86:
 202:Core/Src/jy62.c **** 
 203:Core/Src/jy62.c **** void DecodeTemperature()
 204:Core/Src/jy62.c **** {
 899              		.loc 1 204 1 is_stmt 1 view -0
 900              		.cfi_startproc
 901              		@ args = 0, pretend = 0, frame = 0
 902              		@ frame_needed = 0, uses_anonymous_args = 0
 903 0000 08B5     		push	{r3, lr}
 904              	.LCFI10:
 905              		.cfi_def_cfa_offset 8
 906              		.cfi_offset 3, -8
 907              		.cfi_offset 14, -4
 205:Core/Src/jy62.c **** 	Temperature.temperature = ((short)(jy62Message[9]) << 8 | jy62Message[8]) / 340 + 36.53;
 908              		.loc 1 205 2 view .LVU136
 909              		.loc 1 205 48 is_stmt 0 view .LVU137
 910 0002 0D4B     		ldr	r3, .L77+8
 911 0004 5A7A     		ldrb	r2, [r3, #9]	@ zero_extendqisi2
 912              		.loc 1 205 71 view .LVU138
 913 0006 187A     		ldrb	r0, [r3, #8]	@ zero_extendqisi2
 914              		.loc 1 205 58 view .LVU139
 915 0008 40EA0220 		orr	r0, r0, r2, lsl #8
ARM GAS  C:\Users\86183\AppData\Local\Temp\ccEQqEyf.s 			page 20


 916              		.loc 1 205 76 view .LVU140
 917 000c 0B4B     		ldr	r3, .L77+12
 918 000e 83FB0030 		smull	r3, r0, r3, r0
 919              		.loc 1 205 82 view .LVU141
 920 0012 C011     		asrs	r0, r0, #7
 921 0014 FFF7FEFF 		bl	__aeabi_i2d
 922              	.LVL51:
 923 0018 05A3     		adr	r3, .L77
 924 001a D3E90023 		ldrd	r2, [r3]
 925 001e FFF7FEFF 		bl	__aeabi_dadd
 926              	.LVL52:
 927 0022 FFF7FEFF 		bl	__aeabi_d2f
 928              	.LVL53:
 929              		.loc 1 205 26 view .LVU142
 930 0026 064B     		ldr	r3, .L77+16
 931 0028 1860     		str	r0, [r3]	@ float
 206:Core/Src/jy62.c **** }
 932              		.loc 1 206 1 view .LVU143
 933 002a 08BD     		pop	{r3, pc}
 934              	.L78:
 935 002c AFF30080 		.align	3
 936              	.L77:
 937 0030 A4703D0A 		.word	171798692
 938 0034 D7434240 		.word	1078084567
 939 0038 00000000 		.word	.LANCHOR13
 940 003c 61606060 		.word	1616928865
 941 0040 00000000 		.word	.LANCHOR10
 942              		.cfi_endproc
 943              	.LFE86:
 945              		.section	.text.Decode,"ax",%progbits
 946              		.align	1
 947              		.global	Decode
 948              		.syntax unified
 949              		.thumb
 950              		.thumb_func
 951              		.fpu softvfp
 953              	Decode:
 954              	.LFB87:
 207:Core/Src/jy62.c **** 
 208:Core/Src/jy62.c **** void Decode()
 209:Core/Src/jy62.c **** {
 955              		.loc 1 209 1 is_stmt 1 view -0
 956              		.cfi_startproc
 957              		@ args = 0, pretend = 0, frame = 0
 958              		@ frame_needed = 0, uses_anonymous_args = 0
 959 0000 08B5     		push	{r3, lr}
 960              	.LCFI11:
 961              		.cfi_def_cfa_offset 8
 962              		.cfi_offset 3, -8
 963              		.cfi_offset 14, -4
 210:Core/Src/jy62.c **** 	switch (jy62Message[1])
 964              		.loc 1 210 2 view .LVU145
 965              		.loc 1 210 21 is_stmt 0 view .LVU146
 966 0002 0A4B     		ldr	r3, .L85
 967 0004 5B78     		ldrb	r3, [r3, #1]	@ zero_extendqisi2
 968              		.loc 1 210 2 view .LVU147
 969 0006 522B     		cmp	r3, #82
ARM GAS  C:\Users\86183\AppData\Local\Temp\ccEQqEyf.s 			page 21


 970 0008 09D0     		beq	.L80
 971 000a 532B     		cmp	r3, #83
 972 000c 0AD0     		beq	.L81
 973 000e 512B     		cmp	r3, #81
 974 0010 02D0     		beq	.L84
 975              	.L82:
 211:Core/Src/jy62.c **** 	{
 212:Core/Src/jy62.c **** 	case 0x51:
 213:Core/Src/jy62.c **** 		DecodeAccelerate();
 214:Core/Src/jy62.c **** 		break;
 215:Core/Src/jy62.c **** 	case 0x52:
 216:Core/Src/jy62.c **** 		DecodeVelocity();
 217:Core/Src/jy62.c **** 		break;
 218:Core/Src/jy62.c **** 	case 0x53:
 219:Core/Src/jy62.c **** 		DecodeAngle();
 220:Core/Src/jy62.c **** 		break;
 221:Core/Src/jy62.c **** 	}
 222:Core/Src/jy62.c **** 	DecodeTemperature();
 976              		.loc 1 222 2 is_stmt 1 view .LVU148
 977 0012 FFF7FEFF 		bl	DecodeTemperature
 978              	.LVL54:
 223:Core/Src/jy62.c **** }...
 979              		.loc 1 223 1 is_stmt 0 view .LVU149
 980 0016 08BD     		pop	{r3, pc}
 981              	.L84:
 213:Core/Src/jy62.c **** 		DecodeAccelerate();
 982              		.loc 1 213 3 is_stmt 1 view .LVU150
 983 0018 FFF7FEFF 		bl	DecodeAccelerate
 984              	.LVL55:
 214:Core/Src/jy62.c **** 		break;
 985              		.loc 1 214 3 view .LVU151
 986 001c F9E7     		b	.L82
 987              	.L80:
 216:Core/Src/jy62.c **** 		DecodeVelocity();
 988              		.loc 1 216 3 view .LVU152
 989 001e FFF7FEFF 		bl	DecodeVelocity
 990              	.LVL56:
 217:Core/Src/jy62.c **** 		break;
 991              		.loc 1 217 3 view .LVU153
 992 0022 F6E7     		b	.L82
 993              	.L81:
 219:Core/Src/jy62.c **** 		DecodeAngle();
 994              		.loc 1 219 3 view .LVU154
 995 0024 FFF7FEFF 		bl	DecodeAngle
 996              	.LVL57:
 220:Core/Src/jy62.c **** 		break;
 997              		.loc 1 220 3 view .LVU155
 998 0028 F3E7     		b	.L82
 999              	.L86:
 1000 002a 00BF     		.align	2
 1001              	.L85:
 1002 002c 00000000 		.word	.LANCHOR13
 1003              		.cfi_endproc
 1004              	.LFE87:
 1006              		.section	.text.jy62MessageRecord,"ax",%progbits
 1007              		.align	1
 1008              		.global	jy62MessageRecord
ARM GAS  C:\Users\86183\AppData\Local\Temp\ccEQqEyf.s 			page 22


 1009              		.syntax unified
 1010              		.thumb
 1011              		.thumb_func
 1012              		.fpu softvfp
 1014              	jy62MessageRecord:
 1015              	.LFB66:
  51:Core/Src/jy62.c **** {
 1016              		.loc 1 51 1 view -0
 1017              		.cfi_startproc
 1018              		@ args = 0, pretend = 0, frame = 0
 1019              		@ frame_needed = 0, uses_anonymous_args = 0
 1020 0000 08B5     		push	{r3, lr}
 1021              	.LCFI12:
 1022              		.cfi_def_cfa_offset 8
 1023              		.cfi_offset 3, -8
 1024              		.cfi_offset 14, -4
  57:Core/Src/jy62.c ****     if (jy62Receive[SuccLen % JY62_MESSAGE_LENGTH] == 0x55)
 1025              		.loc 1 57 5 view .LVU157
  57:Core/Src/jy62.c ****     if (jy62Receive[SuccLen % JY62_MESSAGE_LENGTH] == 0x55)
 1026              		.loc 1 57 29 is_stmt 0 view .LVU158
 1027 0002 364B     		ldr	r3, .L107
 1028 0004 1978     		ldrb	r1, [r3]	@ zero_extendqisi2
 1029 0006 364B     		ldr	r3, .L107+4
 1030 0008 A3FB0123 		umull	r2, r3, r3, r1
 1031 000c DB08     		lsrs	r3, r3, #3
 1032 000e 03EB8302 		add	r2, r3, r3, lsl #2
 1033 0012 03EB4203 		add	r3, r3, r2, lsl #1
 1034 0016 C91A     		subs	r1, r1, r3
 1035 0018 C9B2     		uxtb	r1, r1
  57:Core/Src/jy62.c ****     if (jy62Receive[SuccLen % JY62_MESSAGE_LENGTH] == 0x55)
 1036              		.loc 1 57 20 view .LVU159
 1037 001a 324B     		ldr	r3, .L107+8
 1038 001c 5B5C     		ldrb	r3, [r3, r1]	@ zero_extendqisi2
  57:Core/Src/jy62.c ****     if (jy62Receive[SuccLen % JY62_MESSAGE_LENGTH] == 0x55)
 1039              		.loc 1 57 8 view .LVU160
 1040 001e 552B     		cmp	r3, #85
 1041 0020 24D0     		beq	.L105
  83:Core/Src/jy62.c ****         SuccLen = 0;
 1042              		.loc 1 83 9 is_stmt 1 view .LVU161
  83:Core/Src/jy62.c ****         SuccLen = 0;
 1043              		.loc 1 83 17 is_stmt 0 view .LVU162
 1044 0022 2E4B     		ldr	r3, .L107
 1045 0024 0022     		movs	r2, #0
 1046 0026 1A70     		strb	r2, [r3]
  84:Core/Src/jy62.c ****         while (SuccLen < JY62_MESSAGE_LENGTH && jy62Receive[SuccLen] != 0x55)
 1047              		.loc 1 84 9 is_stmt 1 view .LVU163
 1048              	.L96:
  84:Core/Src/jy62.c ****         while (SuccLen < JY62_MESSAGE_LENGTH && jy62Receive[SuccLen] != 0x55)
 1049              		.loc 1 84 15 view .LVU164
  84:Core/Src/jy62.c ****         while (SuccLen < JY62_MESSAGE_LENGTH && jy62Receive[SuccLen] != 0x55)
 1050              		.loc 1 84 24 is_stmt 0 view .LVU165
 1051 0028 2C4B     		ldr	r3, .L107
 1052 002a 1B78     		ldrb	r3, [r3]	@ zero_extendqisi2
  84:Core/Src/jy62.c ****         while (SuccLen < JY62_MESSAGE_LENGTH && jy62Receive[SuccLen] != 0x55)
 1053              		.loc 1 84 15 view .LVU166
 1054 002c 0A2B     		cmp	r3, #10
 1055 002e 2FD8     		bhi	.L97
ARM GAS  C:\Users\86183\AppData\Local\Temp\ccEQqEyf.s 			page 23


  84:Core/Src/jy62.c ****         while (SuccLen < JY62_MESSAGE_LENGTH && jy62Receive[SuccLen] != 0x55)
 1056              		.loc 1 84 60 discriminator 1 view .LVU167
 1057 0030 2C4A     		ldr	r2, .L107+8
 1058 0032 D25C     		ldrb	r2, [r2, r3]	@ zero_extendqisi2
  84:Core/Src/jy62.c ****         while (SuccLen < JY62_MESSAGE_LENGTH && jy62Receive[SuccLen] != 0x55)
 1059              		.loc 1 84 46 discriminator 1 view .LVU168
 1060 0034 552A     		cmp	r2, #85
 1061 0036 2BD0     		beq	.L97
  86:Core/Src/jy62.c ****             SuccLen++;
 1062              		.loc 1 86 13 is_stmt 1 view .LVU169
  86:Core/Src/jy62.c ****             SuccLen++;
 1063              		.loc 1 86 20 is_stmt 0 view .LVU170
 1064 0038 0133     		adds	r3, r3, #1
 1065 003a 284A     		ldr	r2, .L107
 1066 003c 1370     		strb	r3, [r2]
 1067 003e F3E7     		b	.L96
 1068              	.LVL58:
 1069              	.L90:
 1070              	.LBB2:
 1071              	.LBB3:
  62:Core/Src/jy62.c ****             jy62PrevInfoHolder[PrevLen + i] = jy62Receive[i];
 1072              		.loc 1 62 13 is_stmt 1 discriminator 3 view .LVU171
  62:Core/Src/jy62.c ****             jy62PrevInfoHolder[PrevLen + i] = jy62Receive[i];
 1073              		.loc 1 62 40 is_stmt 0 discriminator 3 view .LVU172
 1074 0040 294A     		ldr	r2, .L107+12
 1075 0042 1278     		ldrb	r2, [r2]	@ zero_extendqisi2
 1076 0044 1A44     		add	r2, r2, r3
  62:Core/Src/jy62.c ****             jy62PrevInfoHolder[PrevLen + i] = jy62Receive[i];
 1077              		.loc 1 62 58 discriminator 3 view .LVU173
 1078 0046 2748     		ldr	r0, .L107+8
 1079 0048 10F803C0 		ldrb	ip, [r0, r3]	@ zero_extendqisi2
  62:Core/Src/jy62.c ****             jy62PrevInfoHolder[PrevLen + i] = jy62Receive[i];
 1080              		.loc 1 62 45 discriminator 3 view .LVU174
 1081 004c 2748     		ldr	r0, .L107+16
 1082 004e 00F802C0 		strb	ip, [r0, r2]
  60:Core/Src/jy62.c ****         for (int i = 0; i < SuccLen % JY62_MESSAGE_LENGTH; i++)
 1083              		.loc 1 60 60 is_stmt 1 discriminator 3 view .LVU175
  60:Core/Src/jy62.c ****         for (int i = 0; i < SuccLen % JY62_MESSAGE_LENGTH; i++)
 1084              		.loc 1 60 61 is_stmt 0 discriminator 3 view .LVU176
 1085 0052 0133     		adds	r3, r3, #1
 1086              	.LVL59:
 1087              	.L88:
  60:Core/Src/jy62.c ****         for (int i = 0; i < SuccLen % JY62_MESSAGE_LENGTH; i++)
 1088              		.loc 1 60 25 is_stmt 1 discriminator 1 view .LVU177
  60:Core/Src/jy62.c ****         for (int i = 0; i < SuccLen % JY62_MESSAGE_LENGTH; i++)
 1089              		.loc 1 60 9 is_stmt 0 discriminator 1 view .LVU178
 1090 0054 9942     		cmp	r1, r3
 1091 0056 F3DC     		bgt	.L90
 1092              	.LBE3:
 1093              	.LBB4:
  66:Core/Src/jy62.c ****         for (int i = 0; i < JY62_MESSAGE_LENGTH - 1; i++)
 1094              		.loc 1 66 18 view .LVU179
 1095 0058 0023     		movs	r3, #0
 1096              	.LVL60:
  66:Core/Src/jy62.c ****         for (int i = 0; i < JY62_MESSAGE_LENGTH - 1; i++)
 1097              		.loc 1 66 18 view .LVU180
 1098              	.LBE4:
ARM GAS  C:\Users\86183\AppData\Local\Temp\ccEQqEyf.s 			page 24


  65:Core/Src/jy62.c ****         uint8_t sum = 0x00;
 1099              		.loc 1 65 17 view .LVU181
 1100 005a 1A46     		mov	r2, r3
 1101              	.L91:
 1102              	.LVL61:
 1103              	.LBB5:
  66:Core/Src/jy62.c ****         for (int i = 0; i < JY62_MESSAGE_LENGTH - 1; i++)
 1104              		.loc 1 66 25 is_stmt 1 discriminator 1 view .LVU182
  66:Core/Src/jy62.c ****         for (int i = 0; i < JY62_MESSAGE_LENGTH - 1; i++)
 1105              		.loc 1 66 9 is_stmt 0 discriminator 1 view .LVU183
 1106 005c 092B     		cmp	r3, #9
 1107 005e 07DC     		bgt	.L106
  68:Core/Src/jy62.c ****             sum += jy62PrevInfoHolder[i];
 1108              		.loc 1 68 13 is_stmt 1 discriminator 3 view .LVU184
  68:Core/Src/jy62.c ****             sum += jy62PrevInfoHolder[i];
 1109              		.loc 1 68 38 is_stmt 0 discriminator 3 view .LVU185
 1110 0060 2249     		ldr	r1, .L107+16
 1111 0062 C95C     		ldrb	r1, [r1, r3]	@ zero_extendqisi2
  68:Core/Src/jy62.c ****             sum += jy62PrevInfoHolder[i];
 1112              		.loc 1 68 17 discriminator 3 view .LVU186
 1113 0064 0A44     		add	r2, r2, r1
 1114              	.LVL62:
  68:Core/Src/jy62.c ****             sum += jy62PrevInfoHolder[i];
 1115              		.loc 1 68 17 discriminator 3 view .LVU187
 1116 0066 D2B2     		uxtb	r2, r2
 1117              	.LVL63:
  66:Core/Src/jy62.c ****         for (int i = 0; i < JY62_MESSAGE_LENGTH - 1; i++)
 1118              		.loc 1 66 54 is_stmt 1 discriminator 3 view .LVU188
  66:Core/Src/jy62.c ****         for (int i = 0; i < JY62_MESSAGE_LENGTH - 1; i++)
 1119              		.loc 1 66 55 is_stmt 0 discriminator 3 view .LVU189
 1120 0068 0133     		adds	r3, r3, #1
 1121              	.LVL64:
  66:Core/Src/jy62.c ****         for (int i = 0; i < JY62_MESSAGE_LENGTH - 1; i++)
 1122              		.loc 1 66 55 discriminator 3 view .LVU190
 1123 006a F7E7     		b	.L91
 1124              	.LVL65:
 1125              	.L105:
  66:Core/Src/jy62.c ****         for (int i = 0; i < JY62_MESSAGE_LENGTH - 1; i++)
 1126              		.loc 1 66 55 discriminator 3 view .LVU191
 1127              	.LBE5:
 1128              	.LBB6:
  60:Core/Src/jy62.c ****         for (int i = 0; i < SuccLen % JY62_MESSAGE_LENGTH; i++)
 1129              		.loc 1 60 18 view .LVU192
 1130 006c 0023     		movs	r3, #0
 1131 006e F1E7     		b	.L88
 1132              	.LVL66:
 1133              	.L106:
  60:Core/Src/jy62.c ****         for (int i = 0; i < SuccLen % JY62_MESSAGE_LENGTH; i++)
 1134              		.loc 1 60 18 view .LVU193
 1135              	.LBE6:
  71:Core/Src/jy62.c ****         if (sum == jy62PrevInfoHolder[JY62_MESSAGE_LENGTH - 1])
 1136              		.loc 1 71 9 is_stmt 1 view .LVU194
  71:Core/Src/jy62.c ****         if (sum == jy62PrevInfoHolder[JY62_MESSAGE_LENGTH - 1])
 1137              		.loc 1 71 38 is_stmt 0 view .LVU195
 1138 0070 1E4B     		ldr	r3, .L107+16
 1139              	.LVL67:
  71:Core/Src/jy62.c ****         if (sum == jy62PrevInfoHolder[JY62_MESSAGE_LENGTH - 1])
ARM GAS  C:\Users\86183\AppData\Local\Temp\ccEQqEyf.s 			page 25


 1140              		.loc 1 71 38 view .LVU196
 1141 0072 9B7A     		ldrb	r3, [r3, #10]	@ zero_extendqisi2
  71:Core/Src/jy62.c ****         if (sum == jy62PrevInfoHolder[JY62_MESSAGE_LENGTH - 1])
 1142              		.loc 1 71 12 view .LVU197
 1143 0074 9342     		cmp	r3, r2
 1144 0076 0FD1     		bne	.L94
 1145              	.LBB7:
  73:Core/Src/jy62.c ****             for (int i = 0; i < JY62_MESSAGE_LENGTH; i++)
 1146              		.loc 1 73 22 view .LVU198
 1147 0078 0023     		movs	r3, #0
 1148 007a 04E0     		b	.L93
 1149              	.LVL68:
 1150              	.L95:
  75:Core/Src/jy62.c ****                 jy62Message[i] = jy62PrevInfoHolder[i];
 1151              		.loc 1 75 17 is_stmt 1 discriminator 3 view .LVU199
  75:Core/Src/jy62.c ****                 jy62Message[i] = jy62PrevInfoHolder[i];
 1152              		.loc 1 75 52 is_stmt 0 discriminator 3 view .LVU200
 1153 007c 1B4A     		ldr	r2, .L107+16
 1154 007e D15C     		ldrb	r1, [r2, r3]	@ zero_extendqisi2
  75:Core/Src/jy62.c ****                 jy62Message[i] = jy62PrevInfoHolder[i];
 1155              		.loc 1 75 32 discriminator 3 view .LVU201
 1156 0080 1B4A     		ldr	r2, .L107+20
 1157 0082 D154     		strb	r1, [r2, r3]
  73:Core/Src/jy62.c ****             for (int i = 0; i < JY62_MESSAGE_LENGTH; i++)
 1158              		.loc 1 73 54 is_stmt 1 discriminator 3 view .LVU202
  73:Core/Src/jy62.c ****             for (int i = 0; i < JY62_MESSAGE_LENGTH; i++)
 1159              		.loc 1 73 55 is_stmt 0 discriminator 3 view .LVU203
 1160 0084 0133     		adds	r3, r3, #1
 1161              	.LVL69:
 1162              	.L93:
  73:Core/Src/jy62.c ****             for (int i = 0; i < JY62_MESSAGE_LENGTH; i++)
 1163              		.loc 1 73 29 is_stmt 1 discriminator 1 view .LVU204
  73:Core/Src/jy62.c ****             for (int i = 0; i < JY62_MESSAGE_LENGTH; i++)
 1164              		.loc 1 73 13 is_stmt 0 discriminator 1 view .LVU205
 1165 0086 0A2B     		cmp	r3, #10
 1166 0088 F8DD     		ble	.L95
 1167              	.LBE7:
  77:Core/Src/jy62.c ****             Decode();
 1168              		.loc 1 77 13 is_stmt 1 view .LVU206
 1169 008a FFF7FEFF 		bl	Decode
 1170              	.LVL70:
  77:Core/Src/jy62.c ****             Decode();
 1171              		.loc 1 77 13 is_stmt 0 view .LVU207
 1172 008e 03E0     		b	.L94
 1173              	.L97:
  77:Core/Src/jy62.c ****             Decode();
 1174              		.loc 1 77 13 view .LVU208
 1175              	.LBE2:
  88:Core/Src/jy62.c ****         PrevLen = JY62_MESSAGE_LENGTH - SuccLen;
 1176              		.loc 1 88 9 is_stmt 1 view .LVU209
  88:Core/Src/jy62.c ****         PrevLen = JY62_MESSAGE_LENGTH - SuccLen;
 1177              		.loc 1 88 39 is_stmt 0 view .LVU210
 1178 0090 C3F10B03 		rsb	r3, r3, #11
  88:Core/Src/jy62.c ****         PrevLen = JY62_MESSAGE_LENGTH - SuccLen;
 1179              		.loc 1 88 17 view .LVU211
 1180 0094 144A     		ldr	r2, .L107+12
 1181 0096 1370     		strb	r3, [r2]
ARM GAS  C:\Users\86183\AppData\Local\Temp\ccEQqEyf.s 			page 26


 1182              	.L94:
  91:Core/Src/jy62.c ****     for (int i = SuccLen % JY62_MESSAGE_LENGTH; i < JY62_MESSAGE_LENGTH; i++)
 1183              		.loc 1 91 5 is_stmt 1 view .LVU212
 1184              	.LBB8:
  91:Core/Src/jy62.c ****     for (int i = SuccLen % JY62_MESSAGE_LENGTH; i < JY62_MESSAGE_LENGTH; i++)
 1185              		.loc 1 91 10 view .LVU213
  91:Core/Src/jy62.c ****     for (int i = SuccLen % JY62_MESSAGE_LENGTH; i < JY62_MESSAGE_LENGTH; i++)
 1186              		.loc 1 91 26 is_stmt 0 view .LVU214
 1187 0098 104B     		ldr	r3, .L107
 1188 009a 93F800C0 		ldrb	ip, [r3]	@ zero_extendqisi2
 1189 009e 104B     		ldr	r3, .L107+4
 1190 00a0 A3FB0C23 		umull	r2, r3, r3, ip
 1191 00a4 DB08     		lsrs	r3, r3, #3
 1192 00a6 03EB8302 		add	r2, r3, r3, lsl #2
 1193 00aa 03EB4203 		add	r3, r3, r2, lsl #1
 1194 00ae ACEB030C 		sub	ip, ip, r3
 1195 00b2 5FFA8CFC 		uxtb	ip, ip
 1196              	.LVL71:
  91:Core/Src/jy62.c ****     for (int i = SuccLen % JY62_MESSAGE_LENGTH; i < JY62_MESSAGE_LENGTH; i++)
 1197              		.loc 1 91 14 view .LVU215
 1198 00b6 6346     		mov	r3, ip
  91:Core/Src/jy62.c ****     for (int i = SuccLen % JY62_MESSAGE_LENGTH; i < JY62_MESSAGE_LENGTH; i++)
 1199              		.loc 1 91 5 view .LVU216
 1200 00b8 06E0     		b	.L99
 1201              	.LVL72:
 1202              	.L100:
  93:Core/Src/jy62.c ****         jy62PrevInfoHolder[i - SuccLen % JY62_MESSAGE_LENGTH] = jy62Receive[i];
 1203              		.loc 1 93 9 is_stmt 1 discriminator 3 view .LVU217
  93:Core/Src/jy62.c ****         jy62PrevInfoHolder[i - SuccLen % JY62_MESSAGE_LENGTH] = jy62Receive[i];
 1204              		.loc 1 93 30 is_stmt 0 discriminator 3 view .LVU218
 1205 00ba A3EB0C02 		sub	r2, r3, ip
  93:Core/Src/jy62.c ****         jy62PrevInfoHolder[i - SuccLen % JY62_MESSAGE_LENGTH] = jy62Receive[i];
 1206              		.loc 1 93 76 discriminator 3 view .LVU219
 1207 00be 0949     		ldr	r1, .L107+8
 1208 00c0 C85C     		ldrb	r0, [r1, r3]	@ zero_extendqisi2
  93:Core/Src/jy62.c ****         jy62PrevInfoHolder[i - SuccLen % JY62_MESSAGE_LENGTH] = jy62Receive[i];
 1209              		.loc 1 93 63 discriminator 3 view .LVU220
 1210 00c2 0A49     		ldr	r1, .L107+16
 1211 00c4 8854     		strb	r0, [r1, r2]
  91:Core/Src/jy62.c ****     for (int i = SuccLen % JY62_MESSAGE_LENGTH; i < JY62_MESSAGE_LENGTH; i++)
 1212              		.loc 1 91 74 is_stmt 1 discriminator 3 view .LVU221
  91:Core/Src/jy62.c ****     for (int i = SuccLen % JY62_MESSAGE_LENGTH; i < JY62_MESSAGE_LENGTH; i++)
 1213              		.loc 1 91 75 is_stmt 0 discriminator 3 view .LVU222
 1214 00c6 0133     		adds	r3, r3, #1
 1215              	.LVL73:
 1216              	.L99:
  91:Core/Src/jy62.c ****     for (int i = SuccLen % JY62_MESSAGE_LENGTH; i < JY62_MESSAGE_LENGTH; i++)
 1217              		.loc 1 91 49 is_stmt 1 discriminator 1 view .LVU223
  91:Core/Src/jy62.c ****     for (int i = SuccLen % JY62_MESSAGE_LENGTH; i < JY62_MESSAGE_LENGTH; i++)
 1218              		.loc 1 91 5 is_stmt 0 discriminator 1 view .LVU224
 1219 00c8 0A2B     		cmp	r3, #10
 1220 00ca F6DD     		ble	.L100
  91:Core/Src/jy62.c ****     for (int i = SuccLen % JY62_MESSAGE_LENGTH; i < JY62_MESSAGE_LENGTH; i++)
 1221              		.loc 1 91 5 discriminator 1 view .LVU225
 1222              	.LBE8:
  96:Core/Src/jy62.c ****     HAL_UART_Receive_DMA(jy62_huart, jy62Receive, JY62_MESSAGE_LENGTH);
 1223              		.loc 1 96 5 is_stmt 1 view .LVU226
ARM GAS  C:\Users\86183\AppData\Local\Temp\ccEQqEyf.s 			page 27


 1224 00cc 0B22     		movs	r2, #11
 1225 00ce 0549     		ldr	r1, .L107+8
 1226 00d0 084B     		ldr	r3, .L107+24
 1227              	.LVL74:
  96:Core/Src/jy62.c ****     HAL_UART_Receive_DMA(jy62_huart, jy62Receive, JY62_MESSAGE_LENGTH);
 1228              		.loc 1 96 5 is_stmt 0 view .LVU227
 1229 00d2 1868     		ldr	r0, [r3]
 1230 00d4 FFF7FEFF 		bl	HAL_UART_Receive_DMA
 1231              	.LVL75:
  97:Core/Src/jy62.c **** }
 1232              		.loc 1 97 1 view .LVU228
 1233 00d8 08BD     		pop	{r3, pc}
 1234              	.L108:
 1235 00da 00BF     		.align	2
 1236              	.L107:
 1237 00dc 00000000 		.word	.LANCHOR14
 1238 00e0 A38B2EBA 		.word	-1171354717
 1239 00e4 00000000 		.word	.LANCHOR1
 1240 00e8 00000000 		.word	.LANCHOR15
 1241 00ec 00000000 		.word	.LANCHOR16
 1242 00f0 00000000 		.word	.LANCHOR13
 1243 00f4 00000000 		.word	.LANCHOR0
 1244              		.cfi_endproc
 1245              	.LFE66:
 1247              		.global	Temperature
 1248              		.global	Angle
 1249              		.global	Velocity
 1250              		.global	Accelerate
 1251              		.global	jy62_huart
 1252              		.global	setReadVelo
 1253              		.global	sleepAndAwake
 1254              		.global	setVertical
 1255              		.global	setHorizontal
 1256              		.global	setBaud9600
 1257              		.global	setBaud115200
 1258              		.global	calibrateAcce
 1259              		.global	initAngle
 1260              		.global	jy62PrevInfoHolder
 1261              		.global	SuccLen
 1262              		.global	PrevLen
 1263              		.global	jy62Message
 1264              		.global	jy62Receive
 1265              		.section	.bss.Accelerate,"aw",%nobits
 1266              		.align	2
 1267              		.set	.LANCHOR11,. + 0
 1270              	Accelerate:
 1271 0000 00000000 		.space	12
 1271      00000000 
 1271      00000000 
 1272              		.section	.bss.Angle,"aw",%nobits
 1273              		.align	2
 1274              		.set	.LANCHOR9,. + 0
 1277              	Angle:
 1278 0000 00000000 		.space	12
 1278      00000000 
 1278      00000000 
 1279              		.section	.bss.PrevLen,"aw",%nobits
ARM GAS  C:\Users\86183\AppData\Local\Temp\ccEQqEyf.s 			page 28


 1280              		.set	.LANCHOR15,. + 0
 1283              	PrevLen:
 1284 0000 00       		.space	1
 1285              		.section	.bss.SuccLen,"aw",%nobits
 1286              		.set	.LANCHOR14,. + 0
 1289              	SuccLen:
 1290 0000 00       		.space	1
 1291              		.section	.bss.Temperature,"aw",%nobits
 1292              		.align	2
 1293              		.set	.LANCHOR10,. + 0
 1296              	Temperature:
 1297 0000 00000000 		.space	4
 1298              		.section	.bss.Velocity,"aw",%nobits
 1299              		.align	2
 1300              		.set	.LANCHOR12,. + 0
 1303              	Velocity:
 1304 0000 00000000 		.space	12
 1304      00000000 
 1304      00000000 
 1305              		.section	.bss.jy62Message,"aw",%nobits
 1306              		.align	2
 1307              		.set	.LANCHOR13,. + 0
 1310              	jy62Message:
 1311 0000 00000000 		.space	11
 1311      00000000 
 1311      000000
 1312              		.section	.bss.jy62PrevInfoHolder,"aw",%nobits
 1313              		.align	2
 1314              		.set	.LANCHOR16,. + 0
 1317              	jy62PrevInfoHolder:
 1318 0000 00000000 		.space	11
 1318      00000000 
 1318      000000
 1319              		.section	.bss.jy62Receive,"aw",%nobits
 1320              		.align	2
 1321              		.set	.LANCHOR1,. + 0
 1324              	jy62Receive:
 1325 0000 00000000 		.space	11
 1325      00000000 
 1325      000000
 1326              		.section	.bss.jy62_huart,"aw",%nobits
 1327              		.align	2
 1328              		.set	.LANCHOR0,. + 0
 1331              	jy62_huart:
 1332 0000 00000000 		.space	4
 1333              		.section	.data.calibrateAcce,"aw"
 1334              		.align	2
 1335              		.set	.LANCHOR7,. + 0
 1338              	calibrateAcce:
 1339 0000 FFAA67   		.ascii	"\377\252g"
 1340              		.section	.data.initAngle,"aw"
 1341              		.align	2
 1342              		.set	.LANCHOR6,. + 0
 1345              	initAngle:
 1346 0000 FFAA52   		.ascii	"\377\252R"
 1347              		.section	.data.setBaud115200,"aw"
 1348              		.align	2
ARM GAS  C:\Users\86183\AppData\Local\Temp\ccEQqEyf.s 			page 29


 1349              		.set	.LANCHOR2,. + 0
 1352              	setBaud115200:
 1353 0000 FFAA63   		.ascii	"\377\252c"
 1354              		.section	.data.setBaud9600,"aw"
 1355              		.align	2
 1356              		.set	.LANCHOR3,. + 0
 1359              	setBaud9600:
 1360 0000 FFAA64   		.ascii	"\377\252d"
 1361              		.section	.data.setHorizontal,"aw"
 1362              		.align	2
 1363              		.set	.LANCHOR4,. + 0
 1366              	setHorizontal:
 1367 0000 FFAA65   		.ascii	"\377\252e"
 1368              		.section	.data.setReadVelo,"aw"
 1369              		.align	2
 1372              	setReadVelo:
 1373 0000 FFAA0307 		.ascii	"\377\252\003\007\000"
 1373      00
 1374              		.section	.data.setVertical,"aw"
 1375              		.align	2
 1376              		.set	.LANCHOR5,. + 0
 1379              	setVertical:
 1380 0000 FFAA66   		.ascii	"\377\252f"
 1381              		.section	.data.sleepAndAwake,"aw"
 1382              		.align	2
 1383              		.set	.LANCHOR8,. + 0
 1386              	sleepAndAwake:
 1387 0000 FFAA60   		.ascii	"\377\252`"
 1388              		.text
 1389              	.Letext0:
 1390              		.file 2 "d:\\gnu arm embedded toolchain10\\10 2021.07\\arm-none-eabi\\include\\machine\\_default_t
 1391              		.file 3 "d:\\gnu arm embedded toolchain10\\10 2021.07\\arm-none-eabi\\include\\sys\\_stdint.h"
 1392              		.file 4 "Drivers/CMSIS/Device/ST/STM32F1xx/Include/stm32f103xe.h"
 1393              		.file 5 "Drivers/STM32F1xx_HAL_Driver/Inc/stm32f1xx_hal_def.h"
 1394              		.file 6 "Drivers/STM32F1xx_HAL_Driver/Inc/stm32f1xx_hal_dma.h"
 1395              		.file 7 "Drivers/STM32F1xx_HAL_Driver/Inc/stm32f1xx_hal_uart.h"
 1396              		.file 8 "Core/Inc/jy62.h"
ARM GAS  C:\Users\86183\AppData\Local\Temp\ccEQqEyf.s 			page 30


DEFINED SYMBOLS
                            *ABS*:00000000 jy62.c
C:\Users\86183\AppData\Local\Temp\ccEQqEyf.s:16     .text.jy62_Init:00000000 $t
C:\Users\86183\AppData\Local\Temp\ccEQqEyf.s:24     .text.jy62_Init:00000000 jy62_Init
C:\Users\86183\AppData\Local\Temp\ccEQqEyf.s:52     .text.jy62_Init:00000010 $d
C:\Users\86183\AppData\Local\Temp\ccEQqEyf.s:58     .text.SetBaud:00000000 $t
C:\Users\86183\AppData\Local\Temp\ccEQqEyf.s:65     .text.SetBaud:00000000 SetBaud
C:\Users\86183\AppData\Local\Temp\ccEQqEyf.s:120    .text.SetBaud:00000034 $d
C:\Users\86183\AppData\Local\Temp\ccEQqEyf.s:127    .text.SetHorizontal:00000000 $t
C:\Users\86183\AppData\Local\Temp\ccEQqEyf.s:134    .text.SetHorizontal:00000000 SetHorizontal
C:\Users\86183\AppData\Local\Temp\ccEQqEyf.s:158    .text.SetHorizontal:00000014 $d
C:\Users\86183\AppData\Local\Temp\ccEQqEyf.s:164    .text.SetVertical:00000000 $t
C:\Users\86183\AppData\Local\Temp\ccEQqEyf.s:171    .text.SetVertical:00000000 SetVertical
C:\Users\86183\AppData\Local\Temp\ccEQqEyf.s:195    .text.SetVertical:00000014 $d
C:\Users\86183\AppData\Local\Temp\ccEQqEyf.s:201    .text.InitAngle:00000000 $t
C:\Users\86183\AppData\Local\Temp\ccEQqEyf.s:208    .text.InitAngle:00000000 InitAngle
C:\Users\86183\AppData\Local\Temp\ccEQqEyf.s:232    .text.InitAngle:00000014 $d
C:\Users\86183\AppData\Local\Temp\ccEQqEyf.s:238    .text.Calibrate:00000000 $t
C:\Users\86183\AppData\Local\Temp\ccEQqEyf.s:245    .text.Calibrate:00000000 Calibrate
C:\Users\86183\AppData\Local\Temp\ccEQqEyf.s:269    .text.Calibrate:00000014 $d
C:\Users\86183\AppData\Local\Temp\ccEQqEyf.s:275    .text.SleepOrAwake:00000000 $t
C:\Users\86183\AppData\Local\Temp\ccEQqEyf.s:282    .text.SleepOrAwake:00000000 SleepOrAwake
C:\Users\86183\AppData\Local\Temp\ccEQqEyf.s:306    .text.SleepOrAwake:00000014 $d
C:\Users\86183\AppData\Local\Temp\ccEQqEyf.s:312    .text.GetRoll:00000000 $t
C:\Users\86183\AppData\Local\Temp\ccEQqEyf.s:319    .text.GetRoll:00000000 GetRoll
C:\Users\86183\AppData\Local\Temp\ccEQqEyf.s:334    .text.GetRoll:00000008 $d
C:\Users\86183\AppData\Local\Temp\ccEQqEyf.s:339    .text.GetPitch:00000000 $t
C:\Users\86183\AppData\Local\Temp\ccEQqEyf.s:346    .text.GetPitch:00000000 GetPitch
C:\Users\86183\AppData\Local\Temp\ccEQqEyf.s:361    .text.GetPitch:00000008 $d
C:\Users\86183\AppData\Local\Temp\ccEQqEyf.s:366    .text.GetYaw:00000000 $t
C:\Users\86183\AppData\Local\Temp\ccEQqEyf.s:373    .text.GetYaw:00000000 GetYaw
C:\Users\86183\AppData\Local\Temp\ccEQqEyf.s:388    .text.GetYaw:00000008 $d
C:\Users\86183\AppData\Local\Temp\ccEQqEyf.s:393    .text.GetTemperature:00000000 $t
C:\Users\86183\AppData\Local\Temp\ccEQqEyf.s:400    .text.GetTemperature:00000000 GetTemperature
C:\Users\86183\AppData\Local\Temp\ccEQqEyf.s:415    .text.GetTemperature:00000008 $d
C:\Users\86183\AppData\Local\Temp\ccEQqEyf.s:420    .text.GetAccX:00000000 $t
C:\Users\86183\AppData\Local\Temp\ccEQqEyf.s:427    .text.GetAccX:00000000 GetAccX
C:\Users\86183\AppData\Local\Temp\ccEQqEyf.s:442    .text.GetAccX:00000008 $d
C:\Users\86183\AppData\Local\Temp\ccEQqEyf.s:447    .text.GetAccY:00000000 $t
C:\Users\86183\AppData\Local\Temp\ccEQqEyf.s:454    .text.GetAccY:00000000 GetAccY
C:\Users\86183\AppData\Local\Temp\ccEQqEyf.s:469    .text.GetAccY:00000008 $d
C:\Users\86183\AppData\Local\Temp\ccEQqEyf.s:474    .text.GetAccZ:00000000 $t
C:\Users\86183\AppData\Local\Temp\ccEQqEyf.s:481    .text.GetAccZ:00000000 GetAccZ
C:\Users\86183\AppData\Local\Temp\ccEQqEyf.s:496    .text.GetAccZ:00000008 $d
C:\Users\86183\AppData\Local\Temp\ccEQqEyf.s:501    .text.GetVeloX:00000000 $t
C:\Users\86183\AppData\Local\Temp\ccEQqEyf.s:508    .text.GetVeloX:00000000 GetVeloX
C:\Users\86183\AppData\Local\Temp\ccEQqEyf.s:523    .text.GetVeloX:00000008 $d
C:\Users\86183\AppData\Local\Temp\ccEQqEyf.s:528    .text.GetVeloY:00000000 $t
C:\Users\86183\AppData\Local\Temp\ccEQqEyf.s:535    .text.GetVeloY:00000000 GetVeloY
C:\Users\86183\AppData\Local\Temp\ccEQqEyf.s:550    .text.GetVeloY:00000008 $d
C:\Users\86183\AppData\Local\Temp\ccEQqEyf.s:555    .text.GetVeloZ:00000000 $t
C:\Users\86183\AppData\Local\Temp\ccEQqEyf.s:562    .text.GetVeloZ:00000000 GetVeloZ
C:\Users\86183\AppData\Local\Temp\ccEQqEyf.s:577    .text.GetVeloZ:00000008 $d
C:\Users\86183\AppData\Local\Temp\ccEQqEyf.s:584    .text.DecodeAngle:00000000 $t
C:\Users\86183\AppData\Local\Temp\ccEQqEyf.s:591    .text.DecodeAngle:00000000 DecodeAngle
C:\Users\86183\AppData\Local\Temp\ccEQqEyf.s:668    .text.DecodeAngle:0000005c $d
C:\Users\86183\AppData\Local\Temp\ccEQqEyf.s:678    .text.DecodeAccelerate:00000000 $t
ARM GAS  C:\Users\86183\AppData\Local\Temp\ccEQqEyf.s 			page 31


C:\Users\86183\AppData\Local\Temp\ccEQqEyf.s:685    .text.DecodeAccelerate:00000000 DecodeAccelerate
C:\Users\86183\AppData\Local\Temp\ccEQqEyf.s:789    .text.DecodeAccelerate:00000098 $d
C:\Users\86183\AppData\Local\Temp\ccEQqEyf.s:797    .text.DecodeVelocity:00000000 $t
C:\Users\86183\AppData\Local\Temp\ccEQqEyf.s:804    .text.DecodeVelocity:00000000 DecodeVelocity
C:\Users\86183\AppData\Local\Temp\ccEQqEyf.s:881    .text.DecodeVelocity:0000005c $d
C:\Users\86183\AppData\Local\Temp\ccEQqEyf.s:890    .text.DecodeTemperature:00000000 $t
C:\Users\86183\AppData\Local\Temp\ccEQqEyf.s:897    .text.DecodeTemperature:00000000 DecodeTemperature
C:\Users\86183\AppData\Local\Temp\ccEQqEyf.s:937    .text.DecodeTemperature:00000030 $d
C:\Users\86183\AppData\Local\Temp\ccEQqEyf.s:946    .text.Decode:00000000 $t
C:\Users\86183\AppData\Local\Temp\ccEQqEyf.s:953    .text.Decode:00000000 Decode
C:\Users\86183\AppData\Local\Temp\ccEQqEyf.s:1002   .text.Decode:0000002c $d
C:\Users\86183\AppData\Local\Temp\ccEQqEyf.s:1007   .text.jy62MessageRecord:00000000 $t
C:\Users\86183\AppData\Local\Temp\ccEQqEyf.s:1014   .text.jy62MessageRecord:00000000 jy62MessageRecord
C:\Users\86183\AppData\Local\Temp\ccEQqEyf.s:1237   .text.jy62MessageRecord:000000dc $d
C:\Users\86183\AppData\Local\Temp\ccEQqEyf.s:1296   .bss.Temperature:00000000 Temperature
C:\Users\86183\AppData\Local\Temp\ccEQqEyf.s:1277   .bss.Angle:00000000 Angle
C:\Users\86183\AppData\Local\Temp\ccEQqEyf.s:1303   .bss.Velocity:00000000 Velocity
C:\Users\86183\AppData\Local\Temp\ccEQqEyf.s:1270   .bss.Accelerate:00000000 Accelerate
C:\Users\86183\AppData\Local\Temp\ccEQqEyf.s:1331   .bss.jy62_huart:00000000 jy62_huart
C:\Users\86183\AppData\Local\Temp\ccEQqEyf.s:1372   .data.setReadVelo:00000000 setReadVelo
C:\Users\86183\AppData\Local\Temp\ccEQqEyf.s:1386   .data.sleepAndAwake:00000000 sleepAndAwake
C:\Users\86183\AppData\Local\Temp\ccEQqEyf.s:1379   .data.setVertical:00000000 setVertical
C:\Users\86183\AppData\Local\Temp\ccEQqEyf.s:1366   .data.setHorizontal:00000000 setHorizontal
C:\Users\86183\AppData\Local\Temp\ccEQqEyf.s:1359   .data.setBaud9600:00000000 setBaud9600
C:\Users\86183\AppData\Local\Temp\ccEQqEyf.s:1352   .data.setBaud115200:00000000 setBaud115200
C:\Users\86183\AppData\Local\Temp\ccEQqEyf.s:1338   .data.calibrateAcce:00000000 calibrateAcce
C:\Users\86183\AppData\Local\Temp\ccEQqEyf.s:1345   .data.initAngle:00000000 initAngle
C:\Users\86183\AppData\Local\Temp\ccEQqEyf.s:1317   .bss.jy62PrevInfoHolder:00000000 jy62PrevInfoHolder
C:\Users\86183\AppData\Local\Temp\ccEQqEyf.s:1289   .bss.SuccLen:00000000 SuccLen
C:\Users\86183\AppData\Local\Temp\ccEQqEyf.s:1283   .bss.PrevLen:00000000 PrevLen
C:\Users\86183\AppData\Local\Temp\ccEQqEyf.s:1310   .bss.jy62Message:00000000 jy62Message
C:\Users\86183\AppData\Local\Temp\ccEQqEyf.s:1324   .bss.jy62Receive:00000000 jy62Receive
C:\Users\86183\AppData\Local\Temp\ccEQqEyf.s:1266   .bss.Accelerate:00000000 $d
C:\Users\86183\AppData\Local\Temp\ccEQqEyf.s:1273   .bss.Angle:00000000 $d
C:\Users\86183\AppData\Local\Temp\ccEQqEyf.s:1284   .bss.PrevLen:00000000 $d
C:\Users\86183\AppData\Local\Temp\ccEQqEyf.s:1290   .bss.SuccLen:00000000 $d
C:\Users\86183\AppData\Local\Temp\ccEQqEyf.s:1292   .bss.Temperature:00000000 $d
C:\Users\86183\AppData\Local\Temp\ccEQqEyf.s:1299   .bss.Velocity:00000000 $d
C:\Users\86183\AppData\Local\Temp\ccEQqEyf.s:1306   .bss.jy62Message:00000000 $d
C:\Users\86183\AppData\Local\Temp\ccEQqEyf.s:1313   .bss.jy62PrevInfoHolder:00000000 $d
C:\Users\86183\AppData\Local\Temp\ccEQqEyf.s:1320   .bss.jy62Receive:00000000 $d
C:\Users\86183\AppData\Local\Temp\ccEQqEyf.s:1327   .bss.jy62_huart:00000000 $d
C:\Users\86183\AppData\Local\Temp\ccEQqEyf.s:1334   .data.calibrateAcce:00000000 $d
C:\Users\86183\AppData\Local\Temp\ccEQqEyf.s:1341   .data.initAngle:00000000 $d
C:\Users\86183\AppData\Local\Temp\ccEQqEyf.s:1348   .data.setBaud115200:00000000 $d
C:\Users\86183\AppData\Local\Temp\ccEQqEyf.s:1355   .data.setBaud9600:00000000 $d
C:\Users\86183\AppData\Local\Temp\ccEQqEyf.s:1362   .data.setHorizontal:00000000 $d
C:\Users\86183\AppData\Local\Temp\ccEQqEyf.s:1369   .data.setReadVelo:00000000 $d
C:\Users\86183\AppData\Local\Temp\ccEQqEyf.s:1375   .data.setVertical:00000000 $d
C:\Users\86183\AppData\Local\Temp\ccEQqEyf.s:1382   .data.sleepAndAwake:00000000 $d

UNDEFINED SYMBOLS
HAL_UART_Receive_DMA
HAL_UART_Transmit
__aeabi_i2f
__aeabi_fmul
__aeabi_f2d
ARM GAS  C:\Users\86183\AppData\Local\Temp\ccEQqEyf.s 			page 32


__aeabi_dmul
__aeabi_d2f
__aeabi_i2d
__aeabi_dadd
