ARM GAS  C:\Users\86183\AppData\Local\Temp\ccLdgmta.s 			page 1


   1              		.cpu cortex-m3
   2              		.eabi_attribute 20, 1
   3              		.eabi_attribute 21, 1
   4              		.eabi_attribute 23, 3
   5              		.eabi_attribute 24, 1
   6              		.eabi_attribute 25, 1
   7              		.eabi_attribute 26, 1
   8              		.eabi_attribute 30, 1
   9              		.eabi_attribute 34, 1
  10              		.eabi_attribute 18, 4
  11              		.file	"usart.c"
  12              		.text
  13              	.Ltext0:
  14              		.cfi_sections	.debug_frame
  15              		.section	.text.MX_USART2_UART_Init,"ax",%progbits
  16              		.align	1
  17              		.global	MX_USART2_UART_Init
  18              		.arch armv7-m
  19              		.syntax unified
  20              		.thumb
  21              		.thumb_func
  22              		.fpu softvfp
  24              	MX_USART2_UART_Init:
  25              	.LFB68:
  26              		.file 1 "Core/Src/usart.c"
   1:Core/Src/usart.c **** /**
   2:Core/Src/usart.c ****   ******************************************************************************
   3:Core/Src/usart.c ****   * @file    usart.c
   4:Core/Src/usart.c ****   * @brief   This file provides code for the configuration
   5:Core/Src/usart.c ****   *          of the USART instances.
   6:Core/Src/usart.c ****   ******************************************************************************
   7:Core/Src/usart.c ****   * @attention
   8:Core/Src/usart.c ****   *
   9:Core/Src/usart.c ****   * <h2><center>&copy; Copyright (c) 2021 STMicroelectronics.
  10:Core/Src/usart.c ****   * All rights reserved.</center></h2>
  11:Core/Src/usart.c ****   *
  12:Core/Src/usart.c ****   * This software component is licensed by ST under BSD 3-Clause license,
  13:Core/Src/usart.c ****   * the "License"; You may not use this file except in compliance with the
  14:Core/Src/usart.c ****   * License. You may obtain a copy of the License at:
  15:Core/Src/usart.c ****   *                        opensource.org/licenses/BSD-3-Clause
  16:Core/Src/usart.c ****   *
  17:Core/Src/usart.c ****   ******************************************************************************
  18:Core/Src/usart.c ****   */
  19:Core/Src/usart.c **** 
  20:Core/Src/usart.c **** /* Includes ------------------------------------------------------------------*/
  21:Core/Src/usart.c **** #include "usart.h"
  22:Core/Src/usart.c **** 
  23:Core/Src/usart.c **** /* USER CODE BEGIN 0 */
  24:Core/Src/usart.c **** #include <stdarg.h>
  25:Core/Src/usart.c **** #include <stdio.h>
  26:Core/Src/usart.c **** #include <string.h>
  27:Core/Src/usart.c **** /* USER CODE END 0 */
  28:Core/Src/usart.c **** 
  29:Core/Src/usart.c **** UART_HandleTypeDef huart2;
  30:Core/Src/usart.c **** UART_HandleTypeDef huart3;
  31:Core/Src/usart.c **** DMA_HandleTypeDef hdma_usart2_rx;
  32:Core/Src/usart.c **** 
ARM GAS  C:\Users\86183\AppData\Local\Temp\ccLdgmta.s 			page 2


  33:Core/Src/usart.c **** /* USART2 init function */
  34:Core/Src/usart.c **** 
  35:Core/Src/usart.c **** void MX_USART2_UART_Init(void)
  36:Core/Src/usart.c **** {
  27              		.loc 1 36 1 view -0
  28              		.cfi_startproc
  29              		@ args = 0, pretend = 0, frame = 0
  30              		@ frame_needed = 0, uses_anonymous_args = 0
  31 0000 08B5     		push	{r3, lr}
  32              	.LCFI0:
  33              		.cfi_def_cfa_offset 8
  34              		.cfi_offset 3, -8
  35              		.cfi_offset 14, -4
  37:Core/Src/usart.c **** 
  38:Core/Src/usart.c ****   /* USER CODE BEGIN USART2_Init 0 */
  39:Core/Src/usart.c **** 
  40:Core/Src/usart.c ****   /* USER CODE END USART2_Init 0 */
  41:Core/Src/usart.c **** 
  42:Core/Src/usart.c ****   /* USER CODE BEGIN USART2_Init 1 */
  43:Core/Src/usart.c **** 
  44:Core/Src/usart.c ****   /* USER CODE END USART2_Init 1 */
  45:Core/Src/usart.c ****   huart2.Instance = USART2;
  36              		.loc 1 45 3 view .LVU1
  37              		.loc 1 45 19 is_stmt 0 view .LVU2
  38 0002 0A48     		ldr	r0, .L5
  39 0004 0A4B     		ldr	r3, .L5+4
  40 0006 0360     		str	r3, [r0]
  46:Core/Src/usart.c ****   huart2.Init.BaudRate = 115200;
  41              		.loc 1 46 3 is_stmt 1 view .LVU3
  42              		.loc 1 46 24 is_stmt 0 view .LVU4
  43 0008 4FF4E133 		mov	r3, #115200
  44 000c 4360     		str	r3, [r0, #4]
  47:Core/Src/usart.c ****   huart2.Init.WordLength = UART_WORDLENGTH_8B;
  45              		.loc 1 47 3 is_stmt 1 view .LVU5
  46              		.loc 1 47 26 is_stmt 0 view .LVU6
  47 000e 0023     		movs	r3, #0
  48 0010 8360     		str	r3, [r0, #8]
  48:Core/Src/usart.c ****   huart2.Init.StopBits = UART_STOPBITS_1;
  49              		.loc 1 48 3 is_stmt 1 view .LVU7
  50              		.loc 1 48 24 is_stmt 0 view .LVU8
  51 0012 C360     		str	r3, [r0, #12]
  49:Core/Src/usart.c ****   huart2.Init.Parity = UART_PARITY_NONE;
  52              		.loc 1 49 3 is_stmt 1 view .LVU9
  53              		.loc 1 49 22 is_stmt 0 view .LVU10
  54 0014 0361     		str	r3, [r0, #16]
  50:Core/Src/usart.c ****   huart2.Init.Mode = UART_MODE_TX_RX;
  55              		.loc 1 50 3 is_stmt 1 view .LVU11
  56              		.loc 1 50 20 is_stmt 0 view .LVU12
  57 0016 0C22     		movs	r2, #12
  58 0018 4261     		str	r2, [r0, #20]
  51:Core/Src/usart.c ****   huart2.Init.HwFlowCtl = UART_HWCONTROL_NONE;
  59              		.loc 1 51 3 is_stmt 1 view .LVU13
  60              		.loc 1 51 25 is_stmt 0 view .LVU14
  61 001a 8361     		str	r3, [r0, #24]
  52:Core/Src/usart.c ****   huart2.Init.OverSampling = UART_OVERSAMPLING_16;
  62              		.loc 1 52 3 is_stmt 1 view .LVU15
  63              		.loc 1 52 28 is_stmt 0 view .LVU16
ARM GAS  C:\Users\86183\AppData\Local\Temp\ccLdgmta.s 			page 3


  64 001c C361     		str	r3, [r0, #28]
  53:Core/Src/usart.c ****   if (HAL_UART_Init(&huart2) != HAL_OK)
  65              		.loc 1 53 3 is_stmt 1 view .LVU17
  66              		.loc 1 53 7 is_stmt 0 view .LVU18
  67 001e FFF7FEFF 		bl	HAL_UART_Init
  68              	.LVL0:
  69              		.loc 1 53 6 view .LVU19
  70 0022 00B9     		cbnz	r0, .L4
  71              	.L1:
  54:Core/Src/usart.c ****   {
  55:Core/Src/usart.c ****     Error_Handler();
  56:Core/Src/usart.c ****   }
  57:Core/Src/usart.c ****   /* USER CODE BEGIN USART2_Init 2 */
  58:Core/Src/usart.c **** 
  59:Core/Src/usart.c ****   /* USER CODE END USART2_Init 2 */
  60:Core/Src/usart.c **** 
  61:Core/Src/usart.c **** }
  72              		.loc 1 61 1 view .LVU20
  73 0024 08BD     		pop	{r3, pc}
  74              	.L4:
  55:Core/Src/usart.c ****   }
  75              		.loc 1 55 5 is_stmt 1 view .LVU21
  76 0026 FFF7FEFF 		bl	Error_Handler
  77              	.LVL1:
  78              		.loc 1 61 1 is_stmt 0 view .LVU22
  79 002a FBE7     		b	.L1
  80              	.L6:
  81              		.align	2
  82              	.L5:
  83 002c 00000000 		.word	.LANCHOR0
  84 0030 00440040 		.word	1073759232
  85              		.cfi_endproc
  86              	.LFE68:
  88              		.section	.text.MX_USART3_UART_Init,"ax",%progbits
  89              		.align	1
  90              		.global	MX_USART3_UART_Init
  91              		.syntax unified
  92              		.thumb
  93              		.thumb_func
  94              		.fpu softvfp
  96              	MX_USART3_UART_Init:
  97              	.LFB69:
  62:Core/Src/usart.c **** /* USART3 init function */
  63:Core/Src/usart.c **** 
  64:Core/Src/usart.c **** void MX_USART3_UART_Init(void)
  65:Core/Src/usart.c **** {
  98              		.loc 1 65 1 is_stmt 1 view -0
  99              		.cfi_startproc
 100              		@ args = 0, pretend = 0, frame = 0
 101              		@ frame_needed = 0, uses_anonymous_args = 0
 102 0000 08B5     		push	{r3, lr}
 103              	.LCFI1:
 104              		.cfi_def_cfa_offset 8
 105              		.cfi_offset 3, -8
 106              		.cfi_offset 14, -4
  66:Core/Src/usart.c **** 
  67:Core/Src/usart.c ****   /* USER CODE BEGIN USART3_Init 0 */
ARM GAS  C:\Users\86183\AppData\Local\Temp\ccLdgmta.s 			page 4


  68:Core/Src/usart.c **** 
  69:Core/Src/usart.c ****   /* USER CODE END USART3_Init 0 */
  70:Core/Src/usart.c **** 
  71:Core/Src/usart.c ****   /* USER CODE BEGIN USART3_Init 1 */
  72:Core/Src/usart.c **** 
  73:Core/Src/usart.c ****   /* USER CODE END USART3_Init 1 */
  74:Core/Src/usart.c ****   huart3.Instance = USART3;
 107              		.loc 1 74 3 view .LVU24
 108              		.loc 1 74 19 is_stmt 0 view .LVU25
 109 0002 0A48     		ldr	r0, .L11
 110 0004 0A4B     		ldr	r3, .L11+4
 111 0006 0360     		str	r3, [r0]
  75:Core/Src/usart.c ****   huart3.Init.BaudRate = 9600;
 112              		.loc 1 75 3 is_stmt 1 view .LVU26
 113              		.loc 1 75 24 is_stmt 0 view .LVU27
 114 0008 4FF41653 		mov	r3, #9600
 115 000c 4360     		str	r3, [r0, #4]
  76:Core/Src/usart.c ****   huart3.Init.WordLength = UART_WORDLENGTH_8B;
 116              		.loc 1 76 3 is_stmt 1 view .LVU28
 117              		.loc 1 76 26 is_stmt 0 view .LVU29
 118 000e 0023     		movs	r3, #0
 119 0010 8360     		str	r3, [r0, #8]
  77:Core/Src/usart.c ****   huart3.Init.StopBits = UART_STOPBITS_1;
 120              		.loc 1 77 3 is_stmt 1 view .LVU30
 121              		.loc 1 77 24 is_stmt 0 view .LVU31
 122 0012 C360     		str	r3, [r0, #12]
  78:Core/Src/usart.c ****   huart3.Init.Parity = UART_PARITY_NONE;
 123              		.loc 1 78 3 is_stmt 1 view .LVU32
 124              		.loc 1 78 22 is_stmt 0 view .LVU33
 125 0014 0361     		str	r3, [r0, #16]
  79:Core/Src/usart.c ****   huart3.Init.Mode = UART_MODE_TX_RX;
 126              		.loc 1 79 3 is_stmt 1 view .LVU34
 127              		.loc 1 79 20 is_stmt 0 view .LVU35
 128 0016 0C22     		movs	r2, #12
 129 0018 4261     		str	r2, [r0, #20]
  80:Core/Src/usart.c ****   huart3.Init.HwFlowCtl = UART_HWCONTROL_NONE;
 130              		.loc 1 80 3 is_stmt 1 view .LVU36
 131              		.loc 1 80 25 is_stmt 0 view .LVU37
 132 001a 8361     		str	r3, [r0, #24]
  81:Core/Src/usart.c ****   huart3.Init.OverSampling = UART_OVERSAMPLING_16;
 133              		.loc 1 81 3 is_stmt 1 view .LVU38
 134              		.loc 1 81 28 is_stmt 0 view .LVU39
 135 001c C361     		str	r3, [r0, #28]
  82:Core/Src/usart.c ****   if (HAL_UART_Init(&huart3) != HAL_OK)
 136              		.loc 1 82 3 is_stmt 1 view .LVU40
 137              		.loc 1 82 7 is_stmt 0 view .LVU41
 138 001e FFF7FEFF 		bl	HAL_UART_Init
 139              	.LVL2:
 140              		.loc 1 82 6 view .LVU42
 141 0022 00B9     		cbnz	r0, .L10
 142              	.L7:
  83:Core/Src/usart.c ****   {
  84:Core/Src/usart.c ****     Error_Handler();
  85:Core/Src/usart.c ****   }
  86:Core/Src/usart.c ****   /* USER CODE BEGIN USART3_Init 2 */
  87:Core/Src/usart.c **** 
  88:Core/Src/usart.c ****   /* USER CODE END USART3_Init 2 */
ARM GAS  C:\Users\86183\AppData\Local\Temp\ccLdgmta.s 			page 5


  89:Core/Src/usart.c **** 
  90:Core/Src/usart.c **** }
 143              		.loc 1 90 1 view .LVU43
 144 0024 08BD     		pop	{r3, pc}
 145              	.L10:
  84:Core/Src/usart.c ****   }
 146              		.loc 1 84 5 is_stmt 1 view .LVU44
 147 0026 FFF7FEFF 		bl	Error_Handler
 148              	.LVL3:
 149              		.loc 1 90 1 is_stmt 0 view .LVU45
 150 002a FBE7     		b	.L7
 151              	.L12:
 152              		.align	2
 153              	.L11:
 154 002c 00000000 		.word	.LANCHOR1
 155 0030 00480040 		.word	1073760256
 156              		.cfi_endproc
 157              	.LFE69:
 159              		.section	.text.HAL_UART_MspInit,"ax",%progbits
 160              		.align	1
 161              		.global	HAL_UART_MspInit
 162              		.syntax unified
 163              		.thumb
 164              		.thumb_func
 165              		.fpu softvfp
 167              	HAL_UART_MspInit:
 168              	.LVL4:
 169              	.LFB70:
  91:Core/Src/usart.c **** 
  92:Core/Src/usart.c **** void HAL_UART_MspInit(UART_HandleTypeDef* uartHandle)
  93:Core/Src/usart.c **** {
 170              		.loc 1 93 1 is_stmt 1 view -0
 171              		.cfi_startproc
 172              		@ args = 0, pretend = 0, frame = 32
 173              		@ frame_needed = 0, uses_anonymous_args = 0
 174              		.loc 1 93 1 is_stmt 0 view .LVU47
 175 0000 70B5     		push	{r4, r5, r6, lr}
 176              	.LCFI2:
 177              		.cfi_def_cfa_offset 16
 178              		.cfi_offset 4, -16
 179              		.cfi_offset 5, -12
 180              		.cfi_offset 6, -8
 181              		.cfi_offset 14, -4
 182 0002 88B0     		sub	sp, sp, #32
 183              	.LCFI3:
 184              		.cfi_def_cfa_offset 48
  94:Core/Src/usart.c **** 
  95:Core/Src/usart.c ****   GPIO_InitTypeDef GPIO_InitStruct = {0};
 185              		.loc 1 95 3 is_stmt 1 view .LVU48
 186              		.loc 1 95 20 is_stmt 0 view .LVU49
 187 0004 0023     		movs	r3, #0
 188 0006 0493     		str	r3, [sp, #16]
 189 0008 0593     		str	r3, [sp, #20]
 190 000a 0693     		str	r3, [sp, #24]
 191 000c 0793     		str	r3, [sp, #28]
  96:Core/Src/usart.c ****   if(uartHandle->Instance==USART2)
 192              		.loc 1 96 3 is_stmt 1 view .LVU50
ARM GAS  C:\Users\86183\AppData\Local\Temp\ccLdgmta.s 			page 6


 193              		.loc 1 96 16 is_stmt 0 view .LVU51
 194 000e 0368     		ldr	r3, [r0]
 195              		.loc 1 96 5 view .LVU52
 196 0010 3B4A     		ldr	r2, .L21
 197 0012 9342     		cmp	r3, r2
 198 0014 04D0     		beq	.L18
  97:Core/Src/usart.c ****   {
  98:Core/Src/usart.c ****   /* USER CODE BEGIN USART2_MspInit 0 */
  99:Core/Src/usart.c **** 
 100:Core/Src/usart.c ****   /* USER CODE END USART2_MspInit 0 */
 101:Core/Src/usart.c ****     /* USART2 clock enable */
 102:Core/Src/usart.c ****     __HAL_RCC_USART2_CLK_ENABLE();
 103:Core/Src/usart.c **** 
 104:Core/Src/usart.c ****     __HAL_RCC_GPIOA_CLK_ENABLE();
 105:Core/Src/usart.c ****     /**USART2 GPIO Configuration
 106:Core/Src/usart.c ****     PA2     ------> USART2_TX
 107:Core/Src/usart.c ****     PA3     ------> USART2_RX
 108:Core/Src/usart.c ****     */
 109:Core/Src/usart.c ****     GPIO_InitStruct.Pin = GPIO_PIN_2;
 110:Core/Src/usart.c ****     GPIO_InitStruct.Mode = GPIO_MODE_AF_PP;
 111:Core/Src/usart.c ****     GPIO_InitStruct.Speed = GPIO_SPEED_FREQ_HIGH;
 112:Core/Src/usart.c ****     HAL_GPIO_Init(GPIOA, &GPIO_InitStruct);
 113:Core/Src/usart.c **** 
 114:Core/Src/usart.c ****     GPIO_InitStruct.Pin = GPIO_PIN_3;
 115:Core/Src/usart.c ****     GPIO_InitStruct.Mode = GPIO_MODE_INPUT;
 116:Core/Src/usart.c ****     GPIO_InitStruct.Pull = GPIO_NOPULL;
 117:Core/Src/usart.c ****     HAL_GPIO_Init(GPIOA, &GPIO_InitStruct);
 118:Core/Src/usart.c **** 
 119:Core/Src/usart.c ****     /* USART2 DMA Init */
 120:Core/Src/usart.c ****     /* USART2_RX Init */
 121:Core/Src/usart.c ****     hdma_usart2_rx.Instance = DMA1_Channel6;
 122:Core/Src/usart.c ****     hdma_usart2_rx.Init.Direction = DMA_PERIPH_TO_MEMORY;
 123:Core/Src/usart.c ****     hdma_usart2_rx.Init.PeriphInc = DMA_PINC_DISABLE;
 124:Core/Src/usart.c ****     hdma_usart2_rx.Init.MemInc = DMA_MINC_ENABLE;
 125:Core/Src/usart.c ****     hdma_usart2_rx.Init.PeriphDataAlignment = DMA_PDATAALIGN_BYTE;
 126:Core/Src/usart.c ****     hdma_usart2_rx.Init.MemDataAlignment = DMA_MDATAALIGN_BYTE;
 127:Core/Src/usart.c ****     hdma_usart2_rx.Init.Mode = DMA_NORMAL;
 128:Core/Src/usart.c ****     hdma_usart2_rx.Init.Priority = DMA_PRIORITY_LOW;
 129:Core/Src/usart.c ****     if (HAL_DMA_Init(&hdma_usart2_rx) != HAL_OK)
 130:Core/Src/usart.c ****     {
 131:Core/Src/usart.c ****       Error_Handler();
 132:Core/Src/usart.c ****     }
 133:Core/Src/usart.c **** 
 134:Core/Src/usart.c ****     __HAL_LINKDMA(uartHandle,hdmarx,hdma_usart2_rx);
 135:Core/Src/usart.c **** 
 136:Core/Src/usart.c ****     /* USART2 interrupt Init */
 137:Core/Src/usart.c ****     HAL_NVIC_SetPriority(USART2_IRQn, 0, 0);
 138:Core/Src/usart.c ****     HAL_NVIC_EnableIRQ(USART2_IRQn);
 139:Core/Src/usart.c ****   /* USER CODE BEGIN USART2_MspInit 1 */
 140:Core/Src/usart.c **** 
 141:Core/Src/usart.c ****   /* USER CODE END USART2_MspInit 1 */
 142:Core/Src/usart.c ****   }
 143:Core/Src/usart.c ****   else if(uartHandle->Instance==USART3)
 199              		.loc 1 143 8 is_stmt 1 view .LVU53
 200              		.loc 1 143 10 is_stmt 0 view .LVU54
 201 0016 3B4A     		ldr	r2, .L21+4
 202 0018 9342     		cmp	r3, r2
ARM GAS  C:\Users\86183\AppData\Local\Temp\ccLdgmta.s 			page 7


 203 001a 46D0     		beq	.L19
 204              	.LVL5:
 205              	.L13:
 144:Core/Src/usart.c ****   {
 145:Core/Src/usart.c ****   /* USER CODE BEGIN USART3_MspInit 0 */
 146:Core/Src/usart.c **** 
 147:Core/Src/usart.c ****   /* USER CODE END USART3_MspInit 0 */
 148:Core/Src/usart.c ****     /* USART3 clock enable */
 149:Core/Src/usart.c ****     __HAL_RCC_USART3_CLK_ENABLE();
 150:Core/Src/usart.c **** 
 151:Core/Src/usart.c ****     __HAL_RCC_GPIOB_CLK_ENABLE();
 152:Core/Src/usart.c ****     /**USART3 GPIO Configuration
 153:Core/Src/usart.c ****     PB10     ------> USART3_TX
 154:Core/Src/usart.c ****     PB11     ------> USART3_RX
 155:Core/Src/usart.c ****     */
 156:Core/Src/usart.c ****     GPIO_InitStruct.Pin = GPIO_PIN_10;
 157:Core/Src/usart.c ****     GPIO_InitStruct.Mode = GPIO_MODE_AF_PP;
 158:Core/Src/usart.c ****     GPIO_InitStruct.Speed = GPIO_SPEED_FREQ_HIGH;
 159:Core/Src/usart.c ****     HAL_GPIO_Init(GPIOB, &GPIO_InitStruct);
 160:Core/Src/usart.c **** 
 161:Core/Src/usart.c ****     GPIO_InitStruct.Pin = GPIO_PIN_11;
 162:Core/Src/usart.c ****     GPIO_InitStruct.Mode = GPIO_MODE_INPUT;
 163:Core/Src/usart.c ****     GPIO_InitStruct.Pull = GPIO_NOPULL;
 164:Core/Src/usart.c ****     HAL_GPIO_Init(GPIOB, &GPIO_InitStruct);
 165:Core/Src/usart.c **** 
 166:Core/Src/usart.c ****   /* USER CODE BEGIN USART3_MspInit 1 */
 167:Core/Src/usart.c **** 
 168:Core/Src/usart.c ****   /* USER CODE END USART3_MspInit 1 */
 169:Core/Src/usart.c ****   }
 170:Core/Src/usart.c **** }
 206              		.loc 1 170 1 view .LVU55
 207 001c 08B0     		add	sp, sp, #32
 208              	.LCFI4:
 209              		.cfi_remember_state
 210              		.cfi_def_cfa_offset 16
 211              		@ sp needed
 212 001e 70BD     		pop	{r4, r5, r6, pc}
 213              	.LVL6:
 214              	.L18:
 215              	.LCFI5:
 216              		.cfi_restore_state
 217              		.loc 1 170 1 view .LVU56
 218 0020 0446     		mov	r4, r0
 102:Core/Src/usart.c **** 
 219              		.loc 1 102 5 is_stmt 1 view .LVU57
 220              	.LBB2:
 102:Core/Src/usart.c **** 
 221              		.loc 1 102 5 view .LVU58
 102:Core/Src/usart.c **** 
 222              		.loc 1 102 5 view .LVU59
 223 0022 394B     		ldr	r3, .L21+8
 224 0024 DA69     		ldr	r2, [r3, #28]
 225 0026 42F40032 		orr	r2, r2, #131072
 226 002a DA61     		str	r2, [r3, #28]
 102:Core/Src/usart.c **** 
 227              		.loc 1 102 5 view .LVU60
 228 002c DA69     		ldr	r2, [r3, #28]
ARM GAS  C:\Users\86183\AppData\Local\Temp\ccLdgmta.s 			page 8


 229 002e 02F40032 		and	r2, r2, #131072
 230 0032 0092     		str	r2, [sp]
 102:Core/Src/usart.c **** 
 231              		.loc 1 102 5 view .LVU61
 232 0034 009A     		ldr	r2, [sp]
 233              	.LBE2:
 102:Core/Src/usart.c **** 
 234              		.loc 1 102 5 view .LVU62
 104:Core/Src/usart.c ****     /**USART2 GPIO Configuration
 235              		.loc 1 104 5 view .LVU63
 236              	.LBB3:
 104:Core/Src/usart.c ****     /**USART2 GPIO Configuration
 237              		.loc 1 104 5 view .LVU64
 104:Core/Src/usart.c ****     /**USART2 GPIO Configuration
 238              		.loc 1 104 5 view .LVU65
 239 0036 9A69     		ldr	r2, [r3, #24]
 240 0038 42F00402 		orr	r2, r2, #4
 241 003c 9A61     		str	r2, [r3, #24]
 104:Core/Src/usart.c ****     /**USART2 GPIO Configuration
 242              		.loc 1 104 5 view .LVU66
 243 003e 9B69     		ldr	r3, [r3, #24]
 244 0040 03F00403 		and	r3, r3, #4
 245 0044 0193     		str	r3, [sp, #4]
 104:Core/Src/usart.c ****     /**USART2 GPIO Configuration
 246              		.loc 1 104 5 view .LVU67
 247 0046 019B     		ldr	r3, [sp, #4]
 248              	.LBE3:
 104:Core/Src/usart.c ****     /**USART2 GPIO Configuration
 249              		.loc 1 104 5 view .LVU68
 109:Core/Src/usart.c ****     GPIO_InitStruct.Mode = GPIO_MODE_AF_PP;
 250              		.loc 1 109 5 view .LVU69
 109:Core/Src/usart.c ****     GPIO_InitStruct.Mode = GPIO_MODE_AF_PP;
 251              		.loc 1 109 25 is_stmt 0 view .LVU70
 252 0048 0423     		movs	r3, #4
 253 004a 0493     		str	r3, [sp, #16]
 110:Core/Src/usart.c ****     GPIO_InitStruct.Speed = GPIO_SPEED_FREQ_HIGH;
 254              		.loc 1 110 5 is_stmt 1 view .LVU71
 110:Core/Src/usart.c ****     GPIO_InitStruct.Speed = GPIO_SPEED_FREQ_HIGH;
 255              		.loc 1 110 26 is_stmt 0 view .LVU72
 256 004c 0223     		movs	r3, #2
 257 004e 0593     		str	r3, [sp, #20]
 111:Core/Src/usart.c ****     HAL_GPIO_Init(GPIOA, &GPIO_InitStruct);
 258              		.loc 1 111 5 is_stmt 1 view .LVU73
 111:Core/Src/usart.c ****     HAL_GPIO_Init(GPIOA, &GPIO_InitStruct);
 259              		.loc 1 111 27 is_stmt 0 view .LVU74
 260 0050 0323     		movs	r3, #3
 261 0052 0793     		str	r3, [sp, #28]
 112:Core/Src/usart.c **** 
 262              		.loc 1 112 5 is_stmt 1 view .LVU75
 263 0054 2D4E     		ldr	r6, .L21+12
 264 0056 04A9     		add	r1, sp, #16
 265 0058 3046     		mov	r0, r6
 266              	.LVL7:
 112:Core/Src/usart.c **** 
 267              		.loc 1 112 5 is_stmt 0 view .LVU76
 268 005a FFF7FEFF 		bl	HAL_GPIO_Init
 269              	.LVL8:
ARM GAS  C:\Users\86183\AppData\Local\Temp\ccLdgmta.s 			page 9


 114:Core/Src/usart.c ****     GPIO_InitStruct.Mode = GPIO_MODE_INPUT;
 270              		.loc 1 114 5 is_stmt 1 view .LVU77
 114:Core/Src/usart.c ****     GPIO_InitStruct.Mode = GPIO_MODE_INPUT;
 271              		.loc 1 114 25 is_stmt 0 view .LVU78
 272 005e 0823     		movs	r3, #8
 273 0060 0493     		str	r3, [sp, #16]
 115:Core/Src/usart.c ****     GPIO_InitStruct.Pull = GPIO_NOPULL;
 274              		.loc 1 115 5 is_stmt 1 view .LVU79
 115:Core/Src/usart.c ****     GPIO_InitStruct.Pull = GPIO_NOPULL;
 275              		.loc 1 115 26 is_stmt 0 view .LVU80
 276 0062 0025     		movs	r5, #0
 277 0064 0595     		str	r5, [sp, #20]
 116:Core/Src/usart.c ****     HAL_GPIO_Init(GPIOA, &GPIO_InitStruct);
 278              		.loc 1 116 5 is_stmt 1 view .LVU81
 116:Core/Src/usart.c ****     HAL_GPIO_Init(GPIOA, &GPIO_InitStruct);
 279              		.loc 1 116 26 is_stmt 0 view .LVU82
 280 0066 0695     		str	r5, [sp, #24]
 117:Core/Src/usart.c **** 
 281              		.loc 1 117 5 is_stmt 1 view .LVU83
 282 0068 04A9     		add	r1, sp, #16
 283 006a 3046     		mov	r0, r6
 284 006c FFF7FEFF 		bl	HAL_GPIO_Init
 285              	.LVL9:
 121:Core/Src/usart.c ****     hdma_usart2_rx.Init.Direction = DMA_PERIPH_TO_MEMORY;
 286              		.loc 1 121 5 view .LVU84
 121:Core/Src/usart.c ****     hdma_usart2_rx.Init.Direction = DMA_PERIPH_TO_MEMORY;
 287              		.loc 1 121 29 is_stmt 0 view .LVU85
 288 0070 2748     		ldr	r0, .L21+16
 289 0072 284B     		ldr	r3, .L21+20
 290 0074 0360     		str	r3, [r0]
 122:Core/Src/usart.c ****     hdma_usart2_rx.Init.PeriphInc = DMA_PINC_DISABLE;
 291              		.loc 1 122 5 is_stmt 1 view .LVU86
 122:Core/Src/usart.c ****     hdma_usart2_rx.Init.PeriphInc = DMA_PINC_DISABLE;
 292              		.loc 1 122 35 is_stmt 0 view .LVU87
 293 0076 4560     		str	r5, [r0, #4]
 123:Core/Src/usart.c ****     hdma_usart2_rx.Init.MemInc = DMA_MINC_ENABLE;
 294              		.loc 1 123 5 is_stmt 1 view .LVU88
 123:Core/Src/usart.c ****     hdma_usart2_rx.Init.MemInc = DMA_MINC_ENABLE;
 295              		.loc 1 123 35 is_stmt 0 view .LVU89
 296 0078 8560     		str	r5, [r0, #8]
 124:Core/Src/usart.c ****     hdma_usart2_rx.Init.PeriphDataAlignment = DMA_PDATAALIGN_BYTE;
 297              		.loc 1 124 5 is_stmt 1 view .LVU90
 124:Core/Src/usart.c ****     hdma_usart2_rx.Init.PeriphDataAlignment = DMA_PDATAALIGN_BYTE;
 298              		.loc 1 124 32 is_stmt 0 view .LVU91
 299 007a 8023     		movs	r3, #128
 300 007c C360     		str	r3, [r0, #12]
 125:Core/Src/usart.c ****     hdma_usart2_rx.Init.MemDataAlignment = DMA_MDATAALIGN_BYTE;
 301              		.loc 1 125 5 is_stmt 1 view .LVU92
 125:Core/Src/usart.c ****     hdma_usart2_rx.Init.MemDataAlignment = DMA_MDATAALIGN_BYTE;
 302              		.loc 1 125 45 is_stmt 0 view .LVU93
 303 007e 0561     		str	r5, [r0, #16]
 126:Core/Src/usart.c ****     hdma_usart2_rx.Init.Mode = DMA_NORMAL;
 304              		.loc 1 126 5 is_stmt 1 view .LVU94
 126:Core/Src/usart.c ****     hdma_usart2_rx.Init.Mode = DMA_NORMAL;
 305              		.loc 1 126 42 is_stmt 0 view .LVU95
 306 0080 4561     		str	r5, [r0, #20]
 127:Core/Src/usart.c ****     hdma_usart2_rx.Init.Priority = DMA_PRIORITY_LOW;
ARM GAS  C:\Users\86183\AppData\Local\Temp\ccLdgmta.s 			page 10


 307              		.loc 1 127 5 is_stmt 1 view .LVU96
 127:Core/Src/usart.c ****     hdma_usart2_rx.Init.Priority = DMA_PRIORITY_LOW;
 308              		.loc 1 127 30 is_stmt 0 view .LVU97
 309 0082 8561     		str	r5, [r0, #24]
 128:Core/Src/usart.c ****     if (HAL_DMA_Init(&hdma_usart2_rx) != HAL_OK)
 310              		.loc 1 128 5 is_stmt 1 view .LVU98
 128:Core/Src/usart.c ****     if (HAL_DMA_Init(&hdma_usart2_rx) != HAL_OK)
 311              		.loc 1 128 34 is_stmt 0 view .LVU99
 312 0084 C561     		str	r5, [r0, #28]
 129:Core/Src/usart.c ****     {
 313              		.loc 1 129 5 is_stmt 1 view .LVU100
 129:Core/Src/usart.c ****     {
 314              		.loc 1 129 9 is_stmt 0 view .LVU101
 315 0086 FFF7FEFF 		bl	HAL_DMA_Init
 316              	.LVL10:
 129:Core/Src/usart.c ****     {
 317              		.loc 1 129 8 view .LVU102
 318 008a 58B9     		cbnz	r0, .L20
 319              	.L15:
 134:Core/Src/usart.c **** 
 320              		.loc 1 134 5 is_stmt 1 view .LVU103
 134:Core/Src/usart.c **** 
 321              		.loc 1 134 5 view .LVU104
 322 008c 204B     		ldr	r3, .L21+16
 323 008e A363     		str	r3, [r4, #56]
 134:Core/Src/usart.c **** 
 324              		.loc 1 134 5 view .LVU105
 325 0090 5C62     		str	r4, [r3, #36]
 134:Core/Src/usart.c **** 
 326              		.loc 1 134 5 view .LVU106
 137:Core/Src/usart.c ****     HAL_NVIC_EnableIRQ(USART2_IRQn);
 327              		.loc 1 137 5 view .LVU107
 328 0092 0022     		movs	r2, #0
 329 0094 1146     		mov	r1, r2
 330 0096 2620     		movs	r0, #38
 331 0098 FFF7FEFF 		bl	HAL_NVIC_SetPriority
 332              	.LVL11:
 138:Core/Src/usart.c ****   /* USER CODE BEGIN USART2_MspInit 1 */
 333              		.loc 1 138 5 view .LVU108
 334 009c 2620     		movs	r0, #38
 335 009e FFF7FEFF 		bl	HAL_NVIC_EnableIRQ
 336              	.LVL12:
 337 00a2 BBE7     		b	.L13
 338              	.L20:
 131:Core/Src/usart.c ****     }
 339              		.loc 1 131 7 view .LVU109
 340 00a4 FFF7FEFF 		bl	Error_Handler
 341              	.LVL13:
 342 00a8 F0E7     		b	.L15
 343              	.LVL14:
 344              	.L19:
 149:Core/Src/usart.c **** 
 345              		.loc 1 149 5 view .LVU110
 346              	.LBB4:
 149:Core/Src/usart.c **** 
 347              		.loc 1 149 5 view .LVU111
 149:Core/Src/usart.c **** 
ARM GAS  C:\Users\86183\AppData\Local\Temp\ccLdgmta.s 			page 11


 348              		.loc 1 149 5 view .LVU112
 349 00aa 174B     		ldr	r3, .L21+8
 350 00ac DA69     		ldr	r2, [r3, #28]
 351 00ae 42F48022 		orr	r2, r2, #262144
 352 00b2 DA61     		str	r2, [r3, #28]
 149:Core/Src/usart.c **** 
 353              		.loc 1 149 5 view .LVU113
 354 00b4 DA69     		ldr	r2, [r3, #28]
 355 00b6 02F48022 		and	r2, r2, #262144
 356 00ba 0292     		str	r2, [sp, #8]
 149:Core/Src/usart.c **** 
 357              		.loc 1 149 5 view .LVU114
 358 00bc 029A     		ldr	r2, [sp, #8]
 359              	.LBE4:
 149:Core/Src/usart.c **** 
 360              		.loc 1 149 5 view .LVU115
 151:Core/Src/usart.c ****     /**USART3 GPIO Configuration
 361              		.loc 1 151 5 view .LVU116
 362              	.LBB5:
 151:Core/Src/usart.c ****     /**USART3 GPIO Configuration
 363              		.loc 1 151 5 view .LVU117
 151:Core/Src/usart.c ****     /**USART3 GPIO Configuration
 364              		.loc 1 151 5 view .LVU118
 365 00be 9A69     		ldr	r2, [r3, #24]
 366 00c0 42F00802 		orr	r2, r2, #8
 367 00c4 9A61     		str	r2, [r3, #24]
 151:Core/Src/usart.c ****     /**USART3 GPIO Configuration
 368              		.loc 1 151 5 view .LVU119
 369 00c6 9B69     		ldr	r3, [r3, #24]
 370 00c8 03F00803 		and	r3, r3, #8
 371 00cc 0393     		str	r3, [sp, #12]
 151:Core/Src/usart.c ****     /**USART3 GPIO Configuration
 372              		.loc 1 151 5 view .LVU120
 373 00ce 039B     		ldr	r3, [sp, #12]
 374              	.LBE5:
 151:Core/Src/usart.c ****     /**USART3 GPIO Configuration
 375              		.loc 1 151 5 view .LVU121
 156:Core/Src/usart.c ****     GPIO_InitStruct.Mode = GPIO_MODE_AF_PP;
 376              		.loc 1 156 5 view .LVU122
 156:Core/Src/usart.c ****     GPIO_InitStruct.Mode = GPIO_MODE_AF_PP;
 377              		.loc 1 156 25 is_stmt 0 view .LVU123
 378 00d0 4FF48063 		mov	r3, #1024
 379 00d4 0493     		str	r3, [sp, #16]
 157:Core/Src/usart.c ****     GPIO_InitStruct.Speed = GPIO_SPEED_FREQ_HIGH;
 380              		.loc 1 157 5 is_stmt 1 view .LVU124
 157:Core/Src/usart.c ****     GPIO_InitStruct.Speed = GPIO_SPEED_FREQ_HIGH;
 381              		.loc 1 157 26 is_stmt 0 view .LVU125
 382 00d6 0223     		movs	r3, #2
 383 00d8 0593     		str	r3, [sp, #20]
 158:Core/Src/usart.c ****     HAL_GPIO_Init(GPIOB, &GPIO_InitStruct);
 384              		.loc 1 158 5 is_stmt 1 view .LVU126
 158:Core/Src/usart.c ****     HAL_GPIO_Init(GPIOB, &GPIO_InitStruct);
 385              		.loc 1 158 27 is_stmt 0 view .LVU127
 386 00da 0323     		movs	r3, #3
 387 00dc 0793     		str	r3, [sp, #28]
 159:Core/Src/usart.c **** 
 388              		.loc 1 159 5 is_stmt 1 view .LVU128
ARM GAS  C:\Users\86183\AppData\Local\Temp\ccLdgmta.s 			page 12


 389 00de 0E4C     		ldr	r4, .L21+24
 390 00e0 04A9     		add	r1, sp, #16
 391 00e2 2046     		mov	r0, r4
 392              	.LVL15:
 159:Core/Src/usart.c **** 
 393              		.loc 1 159 5 is_stmt 0 view .LVU129
 394 00e4 FFF7FEFF 		bl	HAL_GPIO_Init
 395              	.LVL16:
 161:Core/Src/usart.c ****     GPIO_InitStruct.Mode = GPIO_MODE_INPUT;
 396              		.loc 1 161 5 is_stmt 1 view .LVU130
 161:Core/Src/usart.c ****     GPIO_InitStruct.Mode = GPIO_MODE_INPUT;
 397              		.loc 1 161 25 is_stmt 0 view .LVU131
 398 00e8 4FF40063 		mov	r3, #2048
 399 00ec 0493     		str	r3, [sp, #16]
 162:Core/Src/usart.c ****     GPIO_InitStruct.Pull = GPIO_NOPULL;
 400              		.loc 1 162 5 is_stmt 1 view .LVU132
 162:Core/Src/usart.c ****     GPIO_InitStruct.Pull = GPIO_NOPULL;
 401              		.loc 1 162 26 is_stmt 0 view .LVU133
 402 00ee 0023     		movs	r3, #0
 403 00f0 0593     		str	r3, [sp, #20]
 163:Core/Src/usart.c ****     HAL_GPIO_Init(GPIOB, &GPIO_InitStruct);
 404              		.loc 1 163 5 is_stmt 1 view .LVU134
 163:Core/Src/usart.c ****     HAL_GPIO_Init(GPIOB, &GPIO_InitStruct);
 405              		.loc 1 163 26 is_stmt 0 view .LVU135
 406 00f2 0693     		str	r3, [sp, #24]
 164:Core/Src/usart.c **** 
 407              		.loc 1 164 5 is_stmt 1 view .LVU136
 408 00f4 04A9     		add	r1, sp, #16
 409 00f6 2046     		mov	r0, r4
 410 00f8 FFF7FEFF 		bl	HAL_GPIO_Init
 411              	.LVL17:
 412              		.loc 1 170 1 is_stmt 0 view .LVU137
 413 00fc 8EE7     		b	.L13
 414              	.L22:
 415 00fe 00BF     		.align	2
 416              	.L21:
 417 0100 00440040 		.word	1073759232
 418 0104 00480040 		.word	1073760256
 419 0108 00100240 		.word	1073876992
 420 010c 00080140 		.word	1073809408
 421 0110 00000000 		.word	.LANCHOR2
 422 0114 6C000240 		.word	1073873004
 423 0118 000C0140 		.word	1073810432
 424              		.cfi_endproc
 425              	.LFE70:
 427              		.section	.text.HAL_UART_MspDeInit,"ax",%progbits
 428              		.align	1
 429              		.global	HAL_UART_MspDeInit
 430              		.syntax unified
 431              		.thumb
 432              		.thumb_func
 433              		.fpu softvfp
 435              	HAL_UART_MspDeInit:
 436              	.LVL18:
 437              	.LFB71:
 171:Core/Src/usart.c **** 
 172:Core/Src/usart.c **** void HAL_UART_MspDeInit(UART_HandleTypeDef* uartHandle)
ARM GAS  C:\Users\86183\AppData\Local\Temp\ccLdgmta.s 			page 13


 173:Core/Src/usart.c **** {
 438              		.loc 1 173 1 is_stmt 1 view -0
 439              		.cfi_startproc
 440              		@ args = 0, pretend = 0, frame = 0
 441              		@ frame_needed = 0, uses_anonymous_args = 0
 442              		.loc 1 173 1 is_stmt 0 view .LVU139
 443 0000 10B5     		push	{r4, lr}
 444              	.LCFI6:
 445              		.cfi_def_cfa_offset 8
 446              		.cfi_offset 4, -8
 447              		.cfi_offset 14, -4
 174:Core/Src/usart.c **** 
 175:Core/Src/usart.c ****   if(uartHandle->Instance==USART2)
 448              		.loc 1 175 3 is_stmt 1 view .LVU140
 449              		.loc 1 175 16 is_stmt 0 view .LVU141
 450 0002 0368     		ldr	r3, [r0]
 451              		.loc 1 175 5 view .LVU142
 452 0004 124A     		ldr	r2, .L29
 453 0006 9342     		cmp	r3, r2
 454 0008 03D0     		beq	.L27
 176:Core/Src/usart.c ****   {
 177:Core/Src/usart.c ****   /* USER CODE BEGIN USART2_MspDeInit 0 */
 178:Core/Src/usart.c **** 
 179:Core/Src/usart.c ****   /* USER CODE END USART2_MspDeInit 0 */
 180:Core/Src/usart.c ****     /* Peripheral clock disable */
 181:Core/Src/usart.c ****     __HAL_RCC_USART2_CLK_DISABLE();
 182:Core/Src/usart.c **** 
 183:Core/Src/usart.c ****     /**USART2 GPIO Configuration
 184:Core/Src/usart.c ****     PA2     ------> USART2_TX
 185:Core/Src/usart.c ****     PA3     ------> USART2_RX
 186:Core/Src/usart.c ****     */
 187:Core/Src/usart.c ****     HAL_GPIO_DeInit(GPIOA, GPIO_PIN_2|GPIO_PIN_3);
 188:Core/Src/usart.c **** 
 189:Core/Src/usart.c ****     /* USART2 DMA DeInit */
 190:Core/Src/usart.c ****     HAL_DMA_DeInit(uartHandle->hdmarx);
 191:Core/Src/usart.c **** 
 192:Core/Src/usart.c ****     /* USART2 interrupt Deinit */
 193:Core/Src/usart.c ****     HAL_NVIC_DisableIRQ(USART2_IRQn);
 194:Core/Src/usart.c ****   /* USER CODE BEGIN USART2_MspDeInit 1 */
 195:Core/Src/usart.c **** 
 196:Core/Src/usart.c ****   /* USER CODE END USART2_MspDeInit 1 */
 197:Core/Src/usart.c ****   }
 198:Core/Src/usart.c ****   else if(uartHandle->Instance==USART3)
 455              		.loc 1 198 8 is_stmt 1 view .LVU143
 456              		.loc 1 198 10 is_stmt 0 view .LVU144
 457 000a 124A     		ldr	r2, .L29+4
 458 000c 9342     		cmp	r3, r2
 459 000e 12D0     		beq	.L28
 460              	.LVL19:
 461              	.L23:
 199:Core/Src/usart.c ****   {
 200:Core/Src/usart.c ****   /* USER CODE BEGIN USART3_MspDeInit 0 */
 201:Core/Src/usart.c **** 
 202:Core/Src/usart.c ****   /* USER CODE END USART3_MspDeInit 0 */
 203:Core/Src/usart.c ****     /* Peripheral clock disable */
 204:Core/Src/usart.c ****     __HAL_RCC_USART3_CLK_DISABLE();
 205:Core/Src/usart.c **** 
ARM GAS  C:\Users\86183\AppData\Local\Temp\ccLdgmta.s 			page 14


 206:Core/Src/usart.c ****     /**USART3 GPIO Configuration
 207:Core/Src/usart.c ****     PB10     ------> USART3_TX
 208:Core/Src/usart.c ****     PB11     ------> USART3_RX
 209:Core/Src/usart.c ****     */
 210:Core/Src/usart.c ****     HAL_GPIO_DeInit(GPIOB, GPIO_PIN_10|GPIO_PIN_11);
 211:Core/Src/usart.c **** 
 212:Core/Src/usart.c ****   /* USER CODE BEGIN USART3_MspDeInit 1 */
 213:Core/Src/usart.c **** 
 214:Core/Src/usart.c ****   /* USER CODE END USART3_MspDeInit 1 */
 215:Core/Src/usart.c ****   }
 216:Core/Src/usart.c **** }
 462              		.loc 1 216 1 view .LVU145
 463 0010 10BD     		pop	{r4, pc}
 464              	.LVL20:
 465              	.L27:
 466              		.loc 1 216 1 view .LVU146
 467 0012 0446     		mov	r4, r0
 181:Core/Src/usart.c **** 
 468              		.loc 1 181 5 is_stmt 1 view .LVU147
 469 0014 02F5E632 		add	r2, r2, #117760
 470 0018 D369     		ldr	r3, [r2, #28]
 471 001a 23F40033 		bic	r3, r3, #131072
 472 001e D361     		str	r3, [r2, #28]
 187:Core/Src/usart.c **** 
 473              		.loc 1 187 5 view .LVU148
 474 0020 0C21     		movs	r1, #12
 475 0022 0D48     		ldr	r0, .L29+8
 476              	.LVL21:
 187:Core/Src/usart.c **** 
 477              		.loc 1 187 5 is_stmt 0 view .LVU149
 478 0024 FFF7FEFF 		bl	HAL_GPIO_DeInit
 479              	.LVL22:
 190:Core/Src/usart.c **** 
 480              		.loc 1 190 5 is_stmt 1 view .LVU150
 481 0028 A06B     		ldr	r0, [r4, #56]
 482 002a FFF7FEFF 		bl	HAL_DMA_DeInit
 483              	.LVL23:
 193:Core/Src/usart.c ****   /* USER CODE BEGIN USART2_MspDeInit 1 */
 484              		.loc 1 193 5 view .LVU151
 485 002e 2620     		movs	r0, #38
 486 0030 FFF7FEFF 		bl	HAL_NVIC_DisableIRQ
 487              	.LVL24:
 488 0034 ECE7     		b	.L23
 489              	.LVL25:
 490              	.L28:
 204:Core/Src/usart.c **** 
 491              		.loc 1 204 5 view .LVU152
 492 0036 02F5E432 		add	r2, r2, #116736
 493 003a D369     		ldr	r3, [r2, #28]
 494 003c 23F48023 		bic	r3, r3, #262144
 495 0040 D361     		str	r3, [r2, #28]
 210:Core/Src/usart.c **** 
 496              		.loc 1 210 5 view .LVU153
 497 0042 4FF44061 		mov	r1, #3072
 498 0046 0548     		ldr	r0, .L29+12
 499              	.LVL26:
 210:Core/Src/usart.c **** 
ARM GAS  C:\Users\86183\AppData\Local\Temp\ccLdgmta.s 			page 15


 500              		.loc 1 210 5 is_stmt 0 view .LVU154
 501 0048 FFF7FEFF 		bl	HAL_GPIO_DeInit
 502              	.LVL27:
 503              		.loc 1 216 1 view .LVU155
 504 004c E0E7     		b	.L23
 505              	.L30:
 506 004e 00BF     		.align	2
 507              	.L29:
 508 0050 00440040 		.word	1073759232
 509 0054 00480040 		.word	1073760256
 510 0058 00080140 		.word	1073809408
 511 005c 000C0140 		.word	1073810432
 512              		.cfi_endproc
 513              	.LFE71:
 515              		.section	.text.u2_printf,"ax",%progbits
 516              		.align	1
 517              		.global	u2_printf
 518              		.syntax unified
 519              		.thumb
 520              		.thumb_func
 521              		.fpu softvfp
 523              	u2_printf:
 524              	.LVL28:
 525              	.LFB72:
 217:Core/Src/usart.c **** 
 218:Core/Src/usart.c **** /* USER CODE BEGIN 1 */
 219:Core/Src/usart.c **** void u2_printf(char* fmt, ...) { 
 526              		.loc 1 219 32 is_stmt 1 view -0
 527              		.cfi_startproc
 528              		@ args = 4, pretend = 16, frame = 208
 529              		@ frame_needed = 0, uses_anonymous_args = 1
 530              		.loc 1 219 32 is_stmt 0 view .LVU157
 531 0000 0FB4     		push	{r0, r1, r2, r3}
 532              	.LCFI7:
 533              		.cfi_def_cfa_offset 16
 534              		.cfi_offset 0, -16
 535              		.cfi_offset 1, -12
 536              		.cfi_offset 2, -8
 537              		.cfi_offset 3, -4
 538 0002 00B5     		push	{lr}
 539              	.LCFI8:
 540              		.cfi_def_cfa_offset 20
 541              		.cfi_offset 14, -20
 542 0004 B5B0     		sub	sp, sp, #212
 543              	.LCFI9:
 544              		.cfi_def_cfa_offset 232
 545 0006 36AA     		add	r2, sp, #216
 546 0008 52F8041B 		ldr	r1, [r2], #4
 220:Core/Src/usart.c ****     uint16_t len;
 547              		.loc 1 220 5 is_stmt 1 view .LVU158
 221:Core/Src/usart.c ****     va_list ap;
 548              		.loc 1 221 5 view .LVU159
 222:Core/Src/usart.c ****     va_start(ap, fmt);
 549              		.loc 1 222 5 view .LVU160
 550 000c 3392     		str	r2, [sp, #204]
 223:Core/Src/usart.c ****     uint8_t buf[200];
 551              		.loc 1 223 5 view .LVU161
ARM GAS  C:\Users\86183\AppData\Local\Temp\ccLdgmta.s 			page 16


 224:Core/Src/usart.c ****     vsprintf((char*)buf, fmt, ap);
 552              		.loc 1 224 5 view .LVU162
 553 000e 01A8     		add	r0, sp, #4
 554 0010 FFF7FEFF 		bl	vsprintf
 555              	.LVL29:
 225:Core/Src/usart.c ****     va_end(ap);
 556              		.loc 1 225 5 view .LVU163
 226:Core/Src/usart.c ****     len = strlen((char*)buf);
 557              		.loc 1 226 5 view .LVU164
 558              		.loc 1 226 11 is_stmt 0 view .LVU165
 559 0014 01A8     		add	r0, sp, #4
 560 0016 FFF7FEFF 		bl	strlen
 561              	.LVL30:
 227:Core/Src/usart.c ****     HAL_UART_Transmit(&huart2, buf, len, HAL_MAX_DELAY);
 562              		.loc 1 227 5 is_stmt 1 view .LVU166
 563 001a 4FF0FF33 		mov	r3, #-1
 564 001e 82B2     		uxth	r2, r0
 565 0020 01A9     		add	r1, sp, #4
 566 0022 0448     		ldr	r0, .L33
 567              	.LVL31:
 568              		.loc 1 227 5 is_stmt 0 view .LVU167
 569 0024 FFF7FEFF 		bl	HAL_UART_Transmit
 570              	.LVL32:
 228:Core/Src/usart.c **** }
 571              		.loc 1 228 1 view .LVU168
 572 0028 35B0     		add	sp, sp, #212
 573              	.LCFI10:
 574              		.cfi_def_cfa_offset 20
 575              		@ sp needed
 576 002a 5DF804EB 		ldr	lr, [sp], #4
 577              	.LCFI11:
 578              		.cfi_restore 14
 579              		.cfi_def_cfa_offset 16
 580 002e 04B0     		add	sp, sp, #16
 581              	.LCFI12:
 582              		.cfi_restore 3
 583              		.cfi_restore 2
 584              		.cfi_restore 1
 585              		.cfi_restore 0
 586              		.cfi_def_cfa_offset 0
 587 0030 7047     		bx	lr
 588              	.L34:
 589 0032 00BF     		.align	2
 590              	.L33:
 591 0034 00000000 		.word	.LANCHOR0
 592              		.cfi_endproc
 593              	.LFE72:
 595              		.section	.text.u3_printf,"ax",%progbits
 596              		.align	1
 597              		.global	u3_printf
 598              		.syntax unified
 599              		.thumb
 600              		.thumb_func
 601              		.fpu softvfp
 603              	u3_printf:
 604              	.LVL33:
 605              	.LFB73:
ARM GAS  C:\Users\86183\AppData\Local\Temp\ccLdgmta.s 			page 17


 229:Core/Src/usart.c **** 
 230:Core/Src/usart.c **** void u3_printf(char* fmt, ...) { 
 606              		.loc 1 230 32 is_stmt 1 view -0
 607              		.cfi_startproc
 608              		@ args = 4, pretend = 16, frame = 208
 609              		@ frame_needed = 0, uses_anonymous_args = 1
 610              		.loc 1 230 32 is_stmt 0 view .LVU170
 611 0000 0FB4     		push	{r0, r1, r2, r3}
 612              	.LCFI13:
 613              		.cfi_def_cfa_offset 16
 614              		.cfi_offset 0, -16
 615              		.cfi_offset 1, -12
 616              		.cfi_offset 2, -8
 617              		.cfi_offset 3, -4
 618 0002 00B5     		push	{lr}
 619              	.LCFI14:
 620              		.cfi_def_cfa_offset 20
 621              		.cfi_offset 14, -20
 622 0004 B5B0     		sub	sp, sp, #212
 623              	.LCFI15:
 624              		.cfi_def_cfa_offset 232
 625 0006 36AA     		add	r2, sp, #216
 626 0008 52F8041B 		ldr	r1, [r2], #4
 231:Core/Src/usart.c ****     uint16_t len;
 627              		.loc 1 231 5 is_stmt 1 view .LVU171
 232:Core/Src/usart.c ****     va_list ap;
 628              		.loc 1 232 5 view .LVU172
 233:Core/Src/usart.c ****     va_start(ap, fmt);
 629              		.loc 1 233 5 view .LVU173
 630 000c 3392     		str	r2, [sp, #204]
 234:Core/Src/usart.c ****     uint8_t buf[200];
 631              		.loc 1 234 5 view .LVU174
 235:Core/Src/usart.c ****     vsprintf((char*)buf, fmt, ap);
 632              		.loc 1 235 5 view .LVU175
 633 000e 01A8     		add	r0, sp, #4
 634 0010 FFF7FEFF 		bl	vsprintf
 635              	.LVL34:
 236:Core/Src/usart.c ****     va_end(ap);
 636              		.loc 1 236 5 view .LVU176
 237:Core/Src/usart.c ****     len = strlen((char*)buf);
 637              		.loc 1 237 5 view .LVU177
 638              		.loc 1 237 11 is_stmt 0 view .LVU178
 639 0014 01A8     		add	r0, sp, #4
 640 0016 FFF7FEFF 		bl	strlen
 641              	.LVL35:
 238:Core/Src/usart.c ****     HAL_UART_Transmit(&huart3, buf, len, HAL_MAX_DELAY);
 642              		.loc 1 238 5 is_stmt 1 view .LVU179
 643 001a 4FF0FF33 		mov	r3, #-1
 644 001e 82B2     		uxth	r2, r0
 645 0020 01A9     		add	r1, sp, #4
 646 0022 0448     		ldr	r0, .L37
 647              	.LVL36:
 648              		.loc 1 238 5 is_stmt 0 view .LVU180
 649 0024 FFF7FEFF 		bl	HAL_UART_Transmit
 650              	.LVL37:
 239:Core/Src/usart.c **** }
 651              		.loc 1 239 1 view .LVU181
ARM GAS  C:\Users\86183\AppData\Local\Temp\ccLdgmta.s 			page 18


 652 0028 35B0     		add	sp, sp, #212
 653              	.LCFI16:
 654              		.cfi_def_cfa_offset 20
 655              		@ sp needed
 656 002a 5DF804EB 		ldr	lr, [sp], #4
 657              	.LCFI17:
 658              		.cfi_restore 14
 659              		.cfi_def_cfa_offset 16
 660 002e 04B0     		add	sp, sp, #16
 661              	.LCFI18:
 662              		.cfi_restore 3
 663              		.cfi_restore 2
 664              		.cfi_restore 1
 665              		.cfi_restore 0
 666              		.cfi_def_cfa_offset 0
 667 0030 7047     		bx	lr
 668              	.L38:
 669 0032 00BF     		.align	2
 670              	.L37:
 671 0034 00000000 		.word	.LANCHOR1
 672              		.cfi_endproc
 673              	.LFE73:
 675              		.global	hdma_usart2_rx
 676              		.global	huart3
 677              		.global	huart2
 678              		.section	.bss.hdma_usart2_rx,"aw",%nobits
 679              		.align	2
 680              		.set	.LANCHOR2,. + 0
 683              	hdma_usart2_rx:
 684 0000 00000000 		.space	68
 684      00000000 
 684      00000000 
 684      00000000 
 684      00000000 
 685              		.section	.bss.huart2,"aw",%nobits
 686              		.align	2
 687              		.set	.LANCHOR0,. + 0
 690              	huart2:
 691 0000 00000000 		.space	68
 691      00000000 
 691      00000000 
 691      00000000 
 691      00000000 
 692              		.section	.bss.huart3,"aw",%nobits
 693              		.align	2
 694              		.set	.LANCHOR1,. + 0
 697              	huart3:
 698 0000 00000000 		.space	68
 698      00000000 
 698      00000000 
 698      00000000 
 698      00000000 
 699              		.text
 700              	.Letext0:
 701              		.file 2 "d:\\gnu arm embedded toolchain10\\10 2021.07\\arm-none-eabi\\include\\machine\\_default_t
 702              		.file 3 "d:\\gnu arm embedded toolchain10\\10 2021.07\\arm-none-eabi\\include\\sys\\_stdint.h"
 703              		.file 4 "Drivers/CMSIS/Device/ST/STM32F1xx/Include/stm32f103xe.h"
ARM GAS  C:\Users\86183\AppData\Local\Temp\ccLdgmta.s 			page 19


 704              		.file 5 "Drivers/STM32F1xx_HAL_Driver/Inc/stm32f1xx_hal_def.h"
 705              		.file 6 "Drivers/STM32F1xx_HAL_Driver/Inc/stm32f1xx_hal_gpio.h"
 706              		.file 7 "Drivers/STM32F1xx_HAL_Driver/Inc/stm32f1xx_hal_dma.h"
 707              		.file 8 "Drivers/STM32F1xx_HAL_Driver/Inc/stm32f1xx_hal_uart.h"
 708              		.file 9 "Core/Inc/usart.h"
 709              		.file 10 "d:\\gnu arm embedded toolchain10\\10 2021.07\\lib\\gcc\\arm-none-eabi\\10.3.1\\include\\
 710              		.file 11 "d:\\gnu arm embedded toolchain10\\10 2021.07\\arm-none-eabi\\include\\stdio.h"
 711              		.file 12 "d:\\gnu arm embedded toolchain10\\10 2021.07\\arm-none-eabi\\include\\string.h"
 712              		.file 13 "Drivers/STM32F1xx_HAL_Driver/Inc/stm32f1xx_hal_cortex.h"
 713              		.file 14 "Core/Inc/main.h"
 714              		.file 15 "<built-in>"
ARM GAS  C:\Users\86183\AppData\Local\Temp\ccLdgmta.s 			page 20


DEFINED SYMBOLS
                            *ABS*:00000000 usart.c
C:\Users\86183\AppData\Local\Temp\ccLdgmta.s:16     .text.MX_USART2_UART_Init:00000000 $t
C:\Users\86183\AppData\Local\Temp\ccLdgmta.s:24     .text.MX_USART2_UART_Init:00000000 MX_USART2_UART_Init
C:\Users\86183\AppData\Local\Temp\ccLdgmta.s:83     .text.MX_USART2_UART_Init:0000002c $d
C:\Users\86183\AppData\Local\Temp\ccLdgmta.s:89     .text.MX_USART3_UART_Init:00000000 $t
C:\Users\86183\AppData\Local\Temp\ccLdgmta.s:96     .text.MX_USART3_UART_Init:00000000 MX_USART3_UART_Init
C:\Users\86183\AppData\Local\Temp\ccLdgmta.s:154    .text.MX_USART3_UART_Init:0000002c $d
C:\Users\86183\AppData\Local\Temp\ccLdgmta.s:160    .text.HAL_UART_MspInit:00000000 $t
C:\Users\86183\AppData\Local\Temp\ccLdgmta.s:167    .text.HAL_UART_MspInit:00000000 HAL_UART_MspInit
C:\Users\86183\AppData\Local\Temp\ccLdgmta.s:417    .text.HAL_UART_MspInit:00000100 $d
C:\Users\86183\AppData\Local\Temp\ccLdgmta.s:428    .text.HAL_UART_MspDeInit:00000000 $t
C:\Users\86183\AppData\Local\Temp\ccLdgmta.s:435    .text.HAL_UART_MspDeInit:00000000 HAL_UART_MspDeInit
C:\Users\86183\AppData\Local\Temp\ccLdgmta.s:508    .text.HAL_UART_MspDeInit:00000050 $d
C:\Users\86183\AppData\Local\Temp\ccLdgmta.s:516    .text.u2_printf:00000000 $t
C:\Users\86183\AppData\Local\Temp\ccLdgmta.s:523    .text.u2_printf:00000000 u2_printf
C:\Users\86183\AppData\Local\Temp\ccLdgmta.s:591    .text.u2_printf:00000034 $d
C:\Users\86183\AppData\Local\Temp\ccLdgmta.s:596    .text.u3_printf:00000000 $t
C:\Users\86183\AppData\Local\Temp\ccLdgmta.s:603    .text.u3_printf:00000000 u3_printf
C:\Users\86183\AppData\Local\Temp\ccLdgmta.s:671    .text.u3_printf:00000034 $d
C:\Users\86183\AppData\Local\Temp\ccLdgmta.s:683    .bss.hdma_usart2_rx:00000000 hdma_usart2_rx
C:\Users\86183\AppData\Local\Temp\ccLdgmta.s:697    .bss.huart3:00000000 huart3
C:\Users\86183\AppData\Local\Temp\ccLdgmta.s:690    .bss.huart2:00000000 huart2
C:\Users\86183\AppData\Local\Temp\ccLdgmta.s:679    .bss.hdma_usart2_rx:00000000 $d
C:\Users\86183\AppData\Local\Temp\ccLdgmta.s:686    .bss.huart2:00000000 $d
C:\Users\86183\AppData\Local\Temp\ccLdgmta.s:693    .bss.huart3:00000000 $d

UNDEFINED SYMBOLS
HAL_UART_Init
Error_Handler
HAL_GPIO_Init
HAL_DMA_Init
HAL_NVIC_SetPriority
HAL_NVIC_EnableIRQ
HAL_GPIO_DeInit
HAL_DMA_DeInit
HAL_NVIC_DisableIRQ
vsprintf
strlen
HAL_UART_Transmit
